<?xml version="1.0" encoding="UTF-8"?>
<testsuite xmlns:xsi="http://www.w3.org/2001/XMLSchema-instance" xsi:noNamespaceSchemaLocation="https://maven.apache.org/surefire/maven-surefire-plugin/xsd/surefire-test-report.xsd" version="3.0.2" name="TestSuite" time="68.99" tests="6" errors="0" skipped="0" failures="0">
  <properties>
    <property name="java.specification.version" value="17"/>
    <property name="sun.cpu.isalist" value="amd64"/>
    <property name="sun.jnu.encoding" value="Cp1252"/>
    <property name="java.class.path" value="C:\Testing\SetupFile\TestNGFramework new\target\test-classes;C:\Testing\SetupFile\TestNGFramework new\target\classes;C:\Users\G O D\.m2\repository\org\seleniumhq\selenium\selenium-java\4.13.0\selenium-java-4.13.0.jar;C:\Users\G O D\.m2\repository\org\seleniumhq\selenium\selenium-api\4.13.0\selenium-api-4.13.0.jar;C:\Users\G O D\.m2\repository\org\seleniumhq\selenium\selenium-chrome-driver\4.13.0\selenium-chrome-driver-4.13.0.jar;C:\Users\G O D\.m2\repository\com\google\auto\service\auto-service-annotations\1.1.1\auto-service-annotations-1.1.1.jar;C:\Users\G O D\.m2\repository\com\google\guava\guava\32.1.2-jre\guava-32.1.2-jre.jar;C:\Users\G O D\.m2\repository\com\google\guava\failureaccess\1.0.1\failureaccess-1.0.1.jar;C:\Users\G O D\.m2\repository\com\google\guava\listenablefuture\9999.0-empty-to-avoid-conflict-with-guava\listenablefuture-9999.0-empty-to-avoid-conflict-with-guava.jar;C:\Users\G O D\.m2\repository\com\google\code\findbugs\jsr305\3.0.2\jsr305-3.0.2.jar;C:\Users\G O D\.m2\repository\org\checkerframework\checker-qual\3.33.0\checker-qual-3.33.0.jar;C:\Users\G O D\.m2\repository\com\google\errorprone\error_prone_annotations\2.18.0\error_prone_annotations-2.18.0.jar;C:\Users\G O D\.m2\repository\com\google\j2objc\j2objc-annotations\2.8\j2objc-annotations-2.8.jar;C:\Users\G O D\.m2\repository\org\seleniumhq\selenium\selenium-chromium-driver\4.13.0\selenium-chromium-driver-4.13.0.jar;C:\Users\G O D\.m2\repository\org\seleniumhq\selenium\selenium-json\4.13.0\selenium-json-4.13.0.jar;C:\Users\G O D\.m2\repository\org\seleniumhq\selenium\selenium-manager\4.13.0\selenium-manager-4.13.0.jar;C:\Users\G O D\.m2\repository\org\seleniumhq\selenium\selenium-devtools-v115\4.13.0\selenium-devtools-v115-4.13.0.jar;C:\Users\G O D\.m2\repository\org\seleniumhq\selenium\selenium-devtools-v116\4.13.0\selenium-devtools-v116-4.13.0.jar;C:\Users\G O D\.m2\repository\org\seleniumhq\selenium\selenium-devtools-v117\4.13.0\selenium-devtools-v117-4.13.0.jar;C:\Users\G O D\.m2\repository\org\seleniumhq\selenium\selenium-devtools-v85\4.13.0\selenium-devtools-v85-4.13.0.jar;C:\Users\G O D\.m2\repository\org\seleniumhq\selenium\selenium-edge-driver\4.13.0\selenium-edge-driver-4.13.0.jar;C:\Users\G O D\.m2\repository\org\seleniumhq\selenium\selenium-firefox-driver\4.13.0\selenium-firefox-driver-4.13.0.jar;C:\Users\G O D\.m2\repository\org\seleniumhq\selenium\selenium-http\4.13.0\selenium-http-4.13.0.jar;C:\Users\G O D\.m2\repository\dev\failsafe\failsafe\3.3.2\failsafe-3.3.2.jar;C:\Users\G O D\.m2\repository\org\seleniumhq\selenium\selenium-ie-driver\4.13.0\selenium-ie-driver-4.13.0.jar;C:\Users\G O D\.m2\repository\org\seleniumhq\selenium\selenium-remote-driver\4.13.0\selenium-remote-driver-4.13.0.jar;C:\Users\G O D\.m2\repository\io\netty\netty-buffer\4.1.96.Final\netty-buffer-4.1.96.Final.jar;C:\Users\G O D\.m2\repository\io\netty\netty-codec-http\4.1.96.Final\netty-codec-http-4.1.96.Final.jar;C:\Users\G O D\.m2\repository\io\netty\netty-codec\4.1.96.Final\netty-codec-4.1.96.Final.jar;C:\Users\G O D\.m2\repository\io\netty\netty-handler\4.1.96.Final\netty-handler-4.1.96.Final.jar;C:\Users\G O D\.m2\repository\io\netty\netty-common\4.1.96.Final\netty-common-4.1.96.Final.jar;C:\Users\G O D\.m2\repository\io\netty\netty-transport-classes-epoll\4.1.96.Final\netty-transport-classes-epoll-4.1.96.Final.jar;C:\Users\G O D\.m2\repository\io\netty\netty-transport-classes-kqueue\4.1.96.Final\netty-transport-classes-kqueue-4.1.96.Final.jar;C:\Users\G O D\.m2\repository\io\netty\netty-transport-native-epoll\4.1.96.Final\netty-transport-native-epoll-4.1.96.Final.jar;C:\Users\G O D\.m2\repository\io\netty\netty-transport-native-kqueue\4.1.96.Final\netty-transport-native-kqueue-4.1.96.Final.jar;C:\Users\G O D\.m2\repository\io\netty\netty-transport-native-unix-common\4.1.96.Final\netty-transport-native-unix-common-4.1.96.Final.jar;C:\Users\G O D\.m2\repository\io\netty\netty-transport\4.1.96.Final\netty-transport-4.1.96.Final.jar;C:\Users\G O D\.m2\repository\io\netty\netty-resolver\4.1.96.Final\netty-resolver-4.1.96.Final.jar;C:\Users\G O D\.m2\repository\io\opentelemetry\opentelemetry-api\1.28.0\opentelemetry-api-1.28.0.jar;C:\Users\G O D\.m2\repository\io\opentelemetry\opentelemetry-context\1.28.0\opentelemetry-context-1.28.0.jar;C:\Users\G O D\.m2\repository\io\opentelemetry\opentelemetry-exporter-logging\1.28.0\opentelemetry-exporter-logging-1.28.0.jar;C:\Users\G O D\.m2\repository\io\opentelemetry\opentelemetry-sdk-metrics\1.28.0\opentelemetry-sdk-metrics-1.28.0.jar;C:\Users\G O D\.m2\repository\io\opentelemetry\opentelemetry-extension-incubator\1.28.0-alpha\opentelemetry-extension-incubator-1.28.0-alpha.jar;C:\Users\G O D\.m2\repository\io\opentelemetry\opentelemetry-sdk-logs\1.28.0\opentelemetry-sdk-logs-1.28.0.jar;C:\Users\G O D\.m2\repository\io\opentelemetry\opentelemetry-sdk-common\1.28.0\opentelemetry-sdk-common-1.28.0.jar;C:\Users\G O D\.m2\repository\io\opentelemetry\opentelemetry-sdk-extension-autoconfigure-spi\1.28.0\opentelemetry-sdk-extension-autoconfigure-spi-1.28.0.jar;C:\Users\G O D\.m2\repository\io\opentelemetry\opentelemetry-sdk-extension-autoconfigure\1.28.0\opentelemetry-sdk-extension-autoconfigure-1.28.0.jar;C:\Users\G O D\.m2\repository\io\opentelemetry\opentelemetry-api-events\1.28.0-alpha\opentelemetry-api-events-1.28.0-alpha.jar;C:\Users\G O D\.m2\repository\io\opentelemetry\opentelemetry-sdk-trace\1.28.0\opentelemetry-sdk-trace-1.28.0.jar;C:\Users\G O D\.m2\repository\io\opentelemetry\opentelemetry-sdk\1.28.0\opentelemetry-sdk-1.28.0.jar;C:\Users\G O D\.m2\repository\io\opentelemetry\opentelemetry-semconv\1.28.0-alpha\opentelemetry-semconv-1.28.0-alpha.jar;C:\Users\G O D\.m2\repository\net\bytebuddy\byte-buddy\1.14.5\byte-buddy-1.14.5.jar;C:\Users\G O D\.m2\repository\org\asynchttpclient\async-http-client\2.12.3\async-http-client-2.12.3.jar;C:\Users\G O D\.m2\repository\org\asynchttpclient\async-http-client-netty-utils\2.12.3\async-http-client-netty-utils-2.12.3.jar;C:\Users\G O D\.m2\repository\io\netty\netty-codec-socks\4.1.60.Final\netty-codec-socks-4.1.60.Final.jar;C:\Users\G O D\.m2\repository\io\netty\netty-handler-proxy\4.1.60.Final\netty-handler-proxy-4.1.60.Final.jar;C:\Users\G O D\.m2\repository\io\netty\netty-transport-native-epoll\4.1.60.Final\netty-transport-native-epoll-4.1.60.Final-linux-x86_64.jar;C:\Users\G O D\.m2\repository\io\netty\netty-transport-native-kqueue\4.1.60.Final\netty-transport-native-kqueue-4.1.60.Final-osx-x86_64.jar;C:\Users\G O D\.m2\repository\com\typesafe\netty\netty-reactive-streams\2.0.4\netty-reactive-streams-2.0.4.jar;C:\Users\G O D\.m2\repository\com\sun\activation\jakarta.activation\1.2.2\jakarta.activation-1.2.2.jar;C:\Users\G O D\.m2\repository\org\seleniumhq\selenium\selenium-os\4.13.0\selenium-os-4.13.0.jar;C:\Users\G O D\.m2\repository\org\apache\commons\commons-exec\1.3\commons-exec-1.3.jar;C:\Users\G O D\.m2\repository\org\seleniumhq\selenium\selenium-safari-driver\4.13.0\selenium-safari-driver-4.13.0.jar;C:\Users\G O D\.m2\repository\org\seleniumhq\selenium\selenium-support\4.13.0\selenium-support-4.13.0.jar;C:\Users\G O D\.m2\repository\org\apache\poi\poi-ooxml\4.1.2\poi-ooxml-4.1.2.jar;C:\Users\G O D\.m2\repository\org\apache\poi\poi\4.1.2\poi-4.1.2.jar;C:\Users\G O D\.m2\repository\commons-codec\commons-codec\1.13\commons-codec-1.13.jar;C:\Users\G O D\.m2\repository\org\apache\commons\commons-collections4\4.4\commons-collections4-4.4.jar;C:\Users\G O D\.m2\repository\org\apache\commons\commons-math3\3.6.1\commons-math3-3.6.1.jar;C:\Users\G O D\.m2\repository\com\zaxxer\SparseBitSet\1.2\SparseBitSet-1.2.jar;C:\Users\G O D\.m2\repository\org\apache\poi\poi-ooxml-schemas\4.1.2\poi-ooxml-schemas-4.1.2.jar;C:\Users\G O D\.m2\repository\org\apache\xmlbeans\xmlbeans\3.1.0\xmlbeans-3.1.0.jar;C:\Users\G O D\.m2\repository\org\apache\commons\commons-compress\1.19\commons-compress-1.19.jar;C:\Users\G O D\.m2\repository\com\github\virtuald\curvesapi\1.06\curvesapi-1.06.jar;C:\Users\G O D\.m2\repository\org\testng\testng\7.8.0\testng-7.8.0.jar;C:\Users\G O D\.m2\repository\org\slf4j\slf4j-api\1.7.36\slf4j-api-1.7.36.jar;C:\Users\G O D\.m2\repository\com\beust\jcommander\1.82\jcommander-1.82.jar;C:\Users\G O D\.m2\repository\org\webjars\jquery\3.6.1\jquery-3.6.1.jar;C:\Users\G O D\.m2\repository\org\apache\logging\log4j\log4j-api\2.23.1\log4j-api-2.23.1.jar;C:\Users\G O D\.m2\repository\org\apache\logging\log4j\log4j-core\2.23.1\log4j-core-2.23.1.jar;C:\Users\G O D\.m2\repository\com\aventstack\extentreports\5.0.9\extentreports-5.0.9.jar;C:\Users\G O D\.m2\repository\io\reactivex\rxjava3\rxjava\3.0.4\rxjava-3.0.4.jar;C:\Users\G O D\.m2\repository\org\reactivestreams\reactive-streams\1.0.3\reactive-streams-1.0.3.jar;C:\Users\G O D\.m2\repository\org\freemarker\freemarker\2.3.30\freemarker-2.3.30.jar;C:\Users\G O D\.m2\repository\com\google\code\gson\gson\2.8.6\gson-2.8.6.jar;C:\Users\G O D\.m2\repository\ch\qos\logback\logback-classic\1.2.3\logback-classic-1.2.3.jar;C:\Users\G O D\.m2\repository\ch\qos\logback\logback-core\1.2.3\logback-core-1.2.3.jar;C:\Users\G O D\.m2\repository\org\slf4j\slf4j-simple\1.7.30\slf4j-simple-1.7.30.jar;C:\Users\G O D\.m2\repository\org\projectlombok\lombok\1.18.24\lombok-1.18.24.jar;"/>
    <property name="java.vm.vendor" value="Oracle Corporation"/>
    <property name="sun.arch.data.model" value="64"/>
    <property name="user.variant" value=""/>
    <property name="java.vendor.url" value="https://java.oracle.com/"/>
    <property name="user.timezone" value="Asia/Calcutta"/>
    <property name="os.name" value="Windows 10"/>
    <property name="java.vm.specification.version" value="17"/>
    <property name="sun.java.launcher" value="SUN_STANDARD"/>
    <property name="user.country" value="US"/>
    <property name="sun.boot.library.path" value="C:\Program Files\Java\jdk-17\bin"/>
    <property name="sun.java.command" value="C:\Users\G O D\AppData\Local\Temp\surefire4508275731155353221\surefirebooter-20240923235237658_3.jar C:\Users\G O D\AppData\Local\Temp\surefire4508275731155353221 2024-09-23T23-52-37_349-jvmRun1 surefire-20240923235237658_1tmp surefire_0-20240923235237658_2tmp"/>
    <property name="jdk.debug" value="release"/>
    <property name="surefire.test.class.path" value="C:\Testing\SetupFile\TestNGFramework new\target\test-classes;C:\Testing\SetupFile\TestNGFramework new\target\classes;C:\Users\G O D\.m2\repository\org\seleniumhq\selenium\selenium-java\4.13.0\selenium-java-4.13.0.jar;C:\Users\G O D\.m2\repository\org\seleniumhq\selenium\selenium-api\4.13.0\selenium-api-4.13.0.jar;C:\Users\G O D\.m2\repository\org\seleniumhq\selenium\selenium-chrome-driver\4.13.0\selenium-chrome-driver-4.13.0.jar;C:\Users\G O D\.m2\repository\com\google\auto\service\auto-service-annotations\1.1.1\auto-service-annotations-1.1.1.jar;C:\Users\G O D\.m2\repository\com\google\guava\guava\32.1.2-jre\guava-32.1.2-jre.jar;C:\Users\G O D\.m2\repository\com\google\guava\failureaccess\1.0.1\failureaccess-1.0.1.jar;C:\Users\G O D\.m2\repository\com\google\guava\listenablefuture\9999.0-empty-to-avoid-conflict-with-guava\listenablefuture-9999.0-empty-to-avoid-conflict-with-guava.jar;C:\Users\G O D\.m2\repository\com\google\code\findbugs\jsr305\3.0.2\jsr305-3.0.2.jar;C:\Users\G O D\.m2\repository\org\checkerframework\checker-qual\3.33.0\checker-qual-3.33.0.jar;C:\Users\G O D\.m2\repository\com\google\errorprone\error_prone_annotations\2.18.0\error_prone_annotations-2.18.0.jar;C:\Users\G O D\.m2\repository\com\google\j2objc\j2objc-annotations\2.8\j2objc-annotations-2.8.jar;C:\Users\G O D\.m2\repository\org\seleniumhq\selenium\selenium-chromium-driver\4.13.0\selenium-chromium-driver-4.13.0.jar;C:\Users\G O D\.m2\repository\org\seleniumhq\selenium\selenium-json\4.13.0\selenium-json-4.13.0.jar;C:\Users\G O D\.m2\repository\org\seleniumhq\selenium\selenium-manager\4.13.0\selenium-manager-4.13.0.jar;C:\Users\G O D\.m2\repository\org\seleniumhq\selenium\selenium-devtools-v115\4.13.0\selenium-devtools-v115-4.13.0.jar;C:\Users\G O D\.m2\repository\org\seleniumhq\selenium\selenium-devtools-v116\4.13.0\selenium-devtools-v116-4.13.0.jar;C:\Users\G O D\.m2\repository\org\seleniumhq\selenium\selenium-devtools-v117\4.13.0\selenium-devtools-v117-4.13.0.jar;C:\Users\G O D\.m2\repository\org\seleniumhq\selenium\selenium-devtools-v85\4.13.0\selenium-devtools-v85-4.13.0.jar;C:\Users\G O D\.m2\repository\org\seleniumhq\selenium\selenium-edge-driver\4.13.0\selenium-edge-driver-4.13.0.jar;C:\Users\G O D\.m2\repository\org\seleniumhq\selenium\selenium-firefox-driver\4.13.0\selenium-firefox-driver-4.13.0.jar;C:\Users\G O D\.m2\repository\org\seleniumhq\selenium\selenium-http\4.13.0\selenium-http-4.13.0.jar;C:\Users\G O D\.m2\repository\dev\failsafe\failsafe\3.3.2\failsafe-3.3.2.jar;C:\Users\G O D\.m2\repository\org\seleniumhq\selenium\selenium-ie-driver\4.13.0\selenium-ie-driver-4.13.0.jar;C:\Users\G O D\.m2\repository\org\seleniumhq\selenium\selenium-remote-driver\4.13.0\selenium-remote-driver-4.13.0.jar;C:\Users\G O D\.m2\repository\io\netty\netty-buffer\4.1.96.Final\netty-buffer-4.1.96.Final.jar;C:\Users\G O D\.m2\repository\io\netty\netty-codec-http\4.1.96.Final\netty-codec-http-4.1.96.Final.jar;C:\Users\G O D\.m2\repository\io\netty\netty-codec\4.1.96.Final\netty-codec-4.1.96.Final.jar;C:\Users\G O D\.m2\repository\io\netty\netty-handler\4.1.96.Final\netty-handler-4.1.96.Final.jar;C:\Users\G O D\.m2\repository\io\netty\netty-common\4.1.96.Final\netty-common-4.1.96.Final.jar;C:\Users\G O D\.m2\repository\io\netty\netty-transport-classes-epoll\4.1.96.Final\netty-transport-classes-epoll-4.1.96.Final.jar;C:\Users\G O D\.m2\repository\io\netty\netty-transport-classes-kqueue\4.1.96.Final\netty-transport-classes-kqueue-4.1.96.Final.jar;C:\Users\G O D\.m2\repository\io\netty\netty-transport-native-epoll\4.1.96.Final\netty-transport-native-epoll-4.1.96.Final.jar;C:\Users\G O D\.m2\repository\io\netty\netty-transport-native-kqueue\4.1.96.Final\netty-transport-native-kqueue-4.1.96.Final.jar;C:\Users\G O D\.m2\repository\io\netty\netty-transport-native-unix-common\4.1.96.Final\netty-transport-native-unix-common-4.1.96.Final.jar;C:\Users\G O D\.m2\repository\io\netty\netty-transport\4.1.96.Final\netty-transport-4.1.96.Final.jar;C:\Users\G O D\.m2\repository\io\netty\netty-resolver\4.1.96.Final\netty-resolver-4.1.96.Final.jar;C:\Users\G O D\.m2\repository\io\opentelemetry\opentelemetry-api\1.28.0\opentelemetry-api-1.28.0.jar;C:\Users\G O D\.m2\repository\io\opentelemetry\opentelemetry-context\1.28.0\opentelemetry-context-1.28.0.jar;C:\Users\G O D\.m2\repository\io\opentelemetry\opentelemetry-exporter-logging\1.28.0\opentelemetry-exporter-logging-1.28.0.jar;C:\Users\G O D\.m2\repository\io\opentelemetry\opentelemetry-sdk-metrics\1.28.0\opentelemetry-sdk-metrics-1.28.0.jar;C:\Users\G O D\.m2\repository\io\opentelemetry\opentelemetry-extension-incubator\1.28.0-alpha\opentelemetry-extension-incubator-1.28.0-alpha.jar;C:\Users\G O D\.m2\repository\io\opentelemetry\opentelemetry-sdk-logs\1.28.0\opentelemetry-sdk-logs-1.28.0.jar;C:\Users\G O D\.m2\repository\io\opentelemetry\opentelemetry-sdk-common\1.28.0\opentelemetry-sdk-common-1.28.0.jar;C:\Users\G O D\.m2\repository\io\opentelemetry\opentelemetry-sdk-extension-autoconfigure-spi\1.28.0\opentelemetry-sdk-extension-autoconfigure-spi-1.28.0.jar;C:\Users\G O D\.m2\repository\io\opentelemetry\opentelemetry-sdk-extension-autoconfigure\1.28.0\opentelemetry-sdk-extension-autoconfigure-1.28.0.jar;C:\Users\G O D\.m2\repository\io\opentelemetry\opentelemetry-api-events\1.28.0-alpha\opentelemetry-api-events-1.28.0-alpha.jar;C:\Users\G O D\.m2\repository\io\opentelemetry\opentelemetry-sdk-trace\1.28.0\opentelemetry-sdk-trace-1.28.0.jar;C:\Users\G O D\.m2\repository\io\opentelemetry\opentelemetry-sdk\1.28.0\opentelemetry-sdk-1.28.0.jar;C:\Users\G O D\.m2\repository\io\opentelemetry\opentelemetry-semconv\1.28.0-alpha\opentelemetry-semconv-1.28.0-alpha.jar;C:\Users\G O D\.m2\repository\net\bytebuddy\byte-buddy\1.14.5\byte-buddy-1.14.5.jar;C:\Users\G O D\.m2\repository\org\asynchttpclient\async-http-client\2.12.3\async-http-client-2.12.3.jar;C:\Users\G O D\.m2\repository\org\asynchttpclient\async-http-client-netty-utils\2.12.3\async-http-client-netty-utils-2.12.3.jar;C:\Users\G O D\.m2\repository\io\netty\netty-codec-socks\4.1.60.Final\netty-codec-socks-4.1.60.Final.jar;C:\Users\G O D\.m2\repository\io\netty\netty-handler-proxy\4.1.60.Final\netty-handler-proxy-4.1.60.Final.jar;C:\Users\G O D\.m2\repository\io\netty\netty-transport-native-epoll\4.1.60.Final\netty-transport-native-epoll-4.1.60.Final-linux-x86_64.jar;C:\Users\G O D\.m2\repository\io\netty\netty-transport-native-kqueue\4.1.60.Final\netty-transport-native-kqueue-4.1.60.Final-osx-x86_64.jar;C:\Users\G O D\.m2\repository\com\typesafe\netty\netty-reactive-streams\2.0.4\netty-reactive-streams-2.0.4.jar;C:\Users\G O D\.m2\repository\com\sun\activation\jakarta.activation\1.2.2\jakarta.activation-1.2.2.jar;C:\Users\G O D\.m2\repository\org\seleniumhq\selenium\selenium-os\4.13.0\selenium-os-4.13.0.jar;C:\Users\G O D\.m2\repository\org\apache\commons\commons-exec\1.3\commons-exec-1.3.jar;C:\Users\G O D\.m2\repository\org\seleniumhq\selenium\selenium-safari-driver\4.13.0\selenium-safari-driver-4.13.0.jar;C:\Users\G O D\.m2\repository\org\seleniumhq\selenium\selenium-support\4.13.0\selenium-support-4.13.0.jar;C:\Users\G O D\.m2\repository\org\apache\poi\poi-ooxml\4.1.2\poi-ooxml-4.1.2.jar;C:\Users\G O D\.m2\repository\org\apache\poi\poi\4.1.2\poi-4.1.2.jar;C:\Users\G O D\.m2\repository\commons-codec\commons-codec\1.13\commons-codec-1.13.jar;C:\Users\G O D\.m2\repository\org\apache\commons\commons-collections4\4.4\commons-collections4-4.4.jar;C:\Users\G O D\.m2\repository\org\apache\commons\commons-math3\3.6.1\commons-math3-3.6.1.jar;C:\Users\G O D\.m2\repository\com\zaxxer\SparseBitSet\1.2\SparseBitSet-1.2.jar;C:\Users\G O D\.m2\repository\org\apache\poi\poi-ooxml-schemas\4.1.2\poi-ooxml-schemas-4.1.2.jar;C:\Users\G O D\.m2\repository\org\apache\xmlbeans\xmlbeans\3.1.0\xmlbeans-3.1.0.jar;C:\Users\G O D\.m2\repository\org\apache\commons\commons-compress\1.19\commons-compress-1.19.jar;C:\Users\G O D\.m2\repository\com\github\virtuald\curvesapi\1.06\curvesapi-1.06.jar;C:\Users\G O D\.m2\repository\org\testng\testng\7.8.0\testng-7.8.0.jar;C:\Users\G O D\.m2\repository\org\slf4j\slf4j-api\1.7.36\slf4j-api-1.7.36.jar;C:\Users\G O D\.m2\repository\com\beust\jcommander\1.82\jcommander-1.82.jar;C:\Users\G O D\.m2\repository\org\webjars\jquery\3.6.1\jquery-3.6.1.jar;C:\Users\G O D\.m2\repository\org\apache\logging\log4j\log4j-api\2.23.1\log4j-api-2.23.1.jar;C:\Users\G O D\.m2\repository\org\apache\logging\log4j\log4j-core\2.23.1\log4j-core-2.23.1.jar;C:\Users\G O D\.m2\repository\com\aventstack\extentreports\5.0.9\extentreports-5.0.9.jar;C:\Users\G O D\.m2\repository\io\reactivex\rxjava3\rxjava\3.0.4\rxjava-3.0.4.jar;C:\Users\G O D\.m2\repository\org\reactivestreams\reactive-streams\1.0.3\reactive-streams-1.0.3.jar;C:\Users\G O D\.m2\repository\org\freemarker\freemarker\2.3.30\freemarker-2.3.30.jar;C:\Users\G O D\.m2\repository\com\google\code\gson\gson\2.8.6\gson-2.8.6.jar;C:\Users\G O D\.m2\repository\ch\qos\logback\logback-classic\1.2.3\logback-classic-1.2.3.jar;C:\Users\G O D\.m2\repository\ch\qos\logback\logback-core\1.2.3\logback-core-1.2.3.jar;C:\Users\G O D\.m2\repository\org\slf4j\slf4j-simple\1.7.30\slf4j-simple-1.7.30.jar;C:\Users\G O D\.m2\repository\org\projectlombok\lombok\1.18.24\lombok-1.18.24.jar;"/>
    <property name="sun.cpu.endian" value="little"/>
    <property name="user.home" value="C:\Users\G O D"/>
    <property name="user.language" value="en"/>
    <property name="java.specification.vendor" value="Oracle Corporation"/>
    <property name="java.version.date" value="2024-04-16"/>
    <property name="java.home" value="C:\Program Files\Java\jdk-17"/>
    <property name="file.separator" value="\"/>
    <property name="basedir" value="C:\Testing\SetupFile\TestNGFramework new"/>
    <property name="java.vm.compressedOopsMode" value="32-bit"/>
    <property name="line.separator" value="&#10;"/>
    <property name="java.vm.specification.vendor" value="Oracle Corporation"/>
    <property name="java.specification.name" value="Java Platform API Specification"/>
    <property name="surefire.real.class.path" value="C:\Users\G O D\AppData\Local\Temp\surefire4508275731155353221\surefirebooter-20240923235237658_3.jar"/>
    <property name="user.script" value=""/>
    <property name="sun.management.compiler" value="HotSpot 64-Bit Tiered Compilers"/>
    <property name="java.runtime.version" value="17.0.11+7-LTS-207"/>
    <property name="user.name" value="G O D"/>
    <property name="path.separator" value=";"/>
    <property name="os.version" value="10.0"/>
    <property name="java.runtime.name" value="Java(TM) SE Runtime Environment"/>
    <property name="file.encoding" value="Cp1252"/>
    <property name="java.vm.name" value="Java HotSpot(TM) 64-Bit Server VM"/>
    <property name="localRepository" value="C:\Users\G O D\.m2\repository"/>
    <property name="java.vendor.url.bug" value="https://bugreport.java.com/bugreport/"/>
    <property name="java.io.tmpdir" value="C:\Users\GOD~1\AppData\Local\Temp\"/>
    <property name="java.version" value="17.0.11"/>
    <property name="user.dir" value="C:\Testing\SetupFile\TestNGFramework new"/>
    <property name="os.arch" value="amd64"/>
    <property name="java.vm.specification.name" value="Java Virtual Machine Specification"/>
    <property name="sun.os.patch.level" value=""/>
    <property name="native.encoding" value="Cp1252"/>
    <property name="java.library.path" value="C:\Program Files\Java\jdk-17\bin;C:\WINDOWS\Sun\Java\bin;C:\WINDOWS\system32;C:\WINDOWS;C:\Program Files\Common Files\Oracle\Java\javapath;C:\WINDOWS\system32;C:\WINDOWS;C:\WINDOWS\System32\Wbem;C:\WINDOWS\System32\WindowsPowerShell\v1.0\;C:\WINDOWS\System32\OpenSSH\;C:\Program Files\Java\jdk-17\bin;C:\Program Files\Git\cmd;C:\apache-maven-3.9.8-bin\apache-maven-3.9.8\bin;C:\Program Files\Java\jdk-17\bin;C:\Program Files\apache-maven-3.9.8-bin\apache-maven-3.9.8\bin;C:\Program Files\MySQL\MySQL Shell 8.0\bin\;C:\Users\G O D\AppData\Local\Microsoft\WindowsApps;."/>
    <property name="java.vm.info" value="mixed mode, sharing"/>
    <property name="java.vendor" value="Oracle Corporation"/>
    <property name="java.vm.version" value="17.0.11+7-LTS-207"/>
    <property name="sun.io.unicode.encoding" value="UnicodeLittle"/>
    <property name="java.class.version" value="61.0"/>
  </properties>
  <testcase name="searchFuncationality[Shirts](1)" classname="com.bis.testexceution.AmazonSearach" time="4.76">
    <system-out><![CDATA[23:52:38.549 [main] DEBUG org.testng.TestNG - suiteXmlPath: "C:\Testing\SetupFile\TestNGFramework new\testng.xml"
23:52:38.640 [main] INFO org.testng.internal.Utils - [XmlSuite] [WARN] 'parallel' value 'true' is no longer valid, defaulting to 'methods'.
Console Start recording all action- reporting start
Test Starts @2024-09-23T23:52:39.156777
23:52:41.190 [TestNG-test=Test-1] DEBUG io.netty.util.internal.logging.InternalLoggerFactory - Using SLF4J as the default logging framework
23:52:41.194 [TestNG-test=Test-1] DEBUG io.netty.util.ResourceLeakDetector - -Dio.netty.leakDetection.level: simple
23:52:41.194 [TestNG-test=Test-1] DEBUG io.netty.util.ResourceLeakDetector - -Dio.netty.leakDetection.targetRecords: 4
23:52:41.201 [TestNG-test=Test-1] DEBUG io.netty.util.ResourceLeakDetectorFactory - Loaded default ResourceLeakDetector: io.netty.util.ResourceLeakDetector@7dbf7dca
23:52:41.230 [TestNG-test=Test-1] DEBUG io.netty.util.internal.PlatformDependent0 - -Dio.netty.noUnsafe: false
23:52:41.231 [TestNG-test=Test-1] DEBUG io.netty.util.internal.PlatformDependent0 - Java version: 17
23:52:41.235 [TestNG-test=Test-1] DEBUG io.netty.util.internal.PlatformDependent0 - sun.misc.Unsafe.theUnsafe: available
23:52:41.237 [TestNG-test=Test-1] DEBUG io.netty.util.internal.PlatformDependent0 - sun.misc.Unsafe.copyMemory: available
23:52:41.238 [TestNG-test=Test-1] DEBUG io.netty.util.internal.PlatformDependent0 - sun.misc.Unsafe.storeFence: available
23:52:41.240 [TestNG-test=Test-1] DEBUG io.netty.util.internal.PlatformDependent0 - java.nio.Buffer.address: available
23:52:41.241 [TestNG-test=Test-1] DEBUG io.netty.util.internal.PlatformDependent0 - direct buffer constructor: unavailable: Reflective setAccessible(true) disabled
23:52:41.242 [TestNG-test=Test-1] DEBUG io.netty.util.internal.PlatformDependent0 - java.nio.Bits.unaligned: available, true
23:52:41.245 [TestNG-test=Test-1] DEBUG io.netty.util.internal.PlatformDependent0 - jdk.internal.misc.Unsafe.allocateUninitializedArray(int): unavailable: class io.netty.util.internal.PlatformDependent0$7 cannot access class jdk.internal.misc.Unsafe (in module java.base) because module java.base does not export jdk.internal.misc to unnamed module @dd8ba08
23:52:41.247 [TestNG-test=Test-1] DEBUG io.netty.util.internal.PlatformDependent0 - java.nio.DirectByteBuffer.<init>(long, {int,long}): unavailable
23:52:41.247 [TestNG-test=Test-1] DEBUG io.netty.util.internal.PlatformDependent - sun.misc.Unsafe: available
23:52:41.249 [TestNG-test=Test-1] DEBUG io.netty.util.internal.PlatformDependent - maxDirectMemory: 2120220672 bytes (maybe)
23:52:41.250 [TestNG-test=Test-1] DEBUG io.netty.util.internal.PlatformDependent - -Dio.netty.tmpdir: C:\Users\GOD~1\AppData\Local\Temp (java.io.tmpdir)
23:52:41.250 [TestNG-test=Test-1] DEBUG io.netty.util.internal.PlatformDependent - -Dio.netty.bitMode: 64 (sun.arch.data.model)
23:52:41.252 [TestNG-test=Test-1] DEBUG io.netty.util.internal.PlatformDependent - Platform: Windows
23:52:41.254 [TestNG-test=Test-1] DEBUG io.netty.util.internal.PlatformDependent - -Dio.netty.maxDirectMemory: -1 bytes
23:52:41.254 [TestNG-test=Test-1] DEBUG io.netty.util.internal.PlatformDependent - -Dio.netty.uninitializedArrayAllocationThreshold: -1
23:52:41.256 [TestNG-test=Test-1] DEBUG io.netty.util.internal.CleanerJava9 - java.nio.ByteBuffer.cleaner(): available
23:52:41.256 [TestNG-test=Test-1] DEBUG io.netty.util.internal.PlatformDependent - -Dio.netty.noPreferDirect: false
23:52:41.271 [TestNG-test=Test-1] DEBUG io.netty.util.internal.PlatformDependent - org.jctools-core.MpscChunkedArrayQueue: available
23:52:41.308 [TestNG-test=Test-1] DEBUG io.netty.util.internal.InternalThreadLocalMap - -Dio.netty.threadLocalMap.stringBuilder.initialSize: 1024
23:52:41.308 [TestNG-test=Test-1] DEBUG io.netty.util.internal.InternalThreadLocalMap - -Dio.netty.threadLocalMap.stringBuilder.maxSize: 4096
23:52:41.599 [TestNG-test=Test-1] DEBUG io.netty.handler.ssl.JdkSslContext - Default protocols (JDK): [TLSv1.3, TLSv1.2] 
23:52:41.599 [TestNG-test=Test-1] DEBUG io.netty.handler.ssl.JdkSslContext - Default cipher suites (JDK): [TLS_ECDHE_ECDSA_WITH_AES_256_GCM_SHA384, TLS_ECDHE_ECDSA_WITH_AES_128_GCM_SHA256, TLS_ECDHE_RSA_WITH_AES_128_GCM_SHA256, TLS_ECDHE_RSA_WITH_AES_256_GCM_SHA384, TLS_ECDHE_RSA_WITH_AES_128_CBC_SHA, TLS_ECDHE_RSA_WITH_AES_256_CBC_SHA, TLS_RSA_WITH_AES_128_GCM_SHA256, TLS_RSA_WITH_AES_128_CBC_SHA, TLS_RSA_WITH_AES_256_CBC_SHA, TLS_AES_128_GCM_SHA256, TLS_AES_256_GCM_SHA384]
23:52:41.619 [TestNG-test=Test-1] DEBUG io.netty.util.concurrent.GlobalEventExecutor - -Dio.netty.globalEventExecutor.quietPeriodSeconds: 1
23:52:41.635 [TestNG-test=Test-1] DEBUG io.netty.channel.MultithreadEventLoopGroup - -Dio.netty.eventLoopThreads: 8
23:52:41.648 [TestNG-test=Test-1] DEBUG io.netty.channel.nio.NioEventLoop - -Dio.netty.noKeySetOptimization: false
23:52:41.648 [TestNG-test=Test-1] DEBUG io.netty.channel.nio.NioEventLoop - -Dio.netty.selectorAutoRebuildThreshold: 512
23:52:41.704 [TestNG-test=Test-1] DEBUG io.netty.buffer.PooledByteBufAllocator - -Dio.netty.allocator.numHeapArenas: 8
23:52:41.705 [TestNG-test=Test-1] DEBUG io.netty.buffer.PooledByteBufAllocator - -Dio.netty.allocator.numDirectArenas: 8
23:52:41.705 [TestNG-test=Test-1] DEBUG io.netty.buffer.PooledByteBufAllocator - -Dio.netty.allocator.pageSize: 8192
23:52:41.705 [TestNG-test=Test-1] DEBUG io.netty.buffer.PooledByteBufAllocator - -Dio.netty.allocator.maxOrder: 9
23:52:41.705 [TestNG-test=Test-1] DEBUG io.netty.buffer.PooledByteBufAllocator - -Dio.netty.allocator.chunkSize: 4194304
23:52:41.706 [TestNG-test=Test-1] DEBUG io.netty.buffer.PooledByteBufAllocator - -Dio.netty.allocator.smallCacheSize: 256
23:52:41.706 [TestNG-test=Test-1] DEBUG io.netty.buffer.PooledByteBufAllocator - -Dio.netty.allocator.normalCacheSize: 64
23:52:41.706 [TestNG-test=Test-1] DEBUG io.netty.buffer.PooledByteBufAllocator - -Dio.netty.allocator.maxCachedBufferCapacity: 32768
23:52:41.707 [TestNG-test=Test-1] DEBUG io.netty.buffer.PooledByteBufAllocator - -Dio.netty.allocator.cacheTrimInterval: 8192
23:52:41.707 [TestNG-test=Test-1] DEBUG io.netty.buffer.PooledByteBufAllocator - -Dio.netty.allocator.cacheTrimIntervalMillis: 0
23:52:41.707 [TestNG-test=Test-1] DEBUG io.netty.buffer.PooledByteBufAllocator - -Dio.netty.allocator.useCacheForAllThreads: false
23:52:41.707 [TestNG-test=Test-1] DEBUG io.netty.buffer.PooledByteBufAllocator - -Dio.netty.allocator.maxCachedByteBuffersPerChunk: 1023
23:52:41.730 [TestNG-test=Test-1] DEBUG io.netty.buffer.ByteBufUtil - -Dio.netty.allocator.type: pooled
23:52:41.730 [TestNG-test=Test-1] DEBUG io.netty.buffer.ByteBufUtil - -Dio.netty.threadLocalDirectBufferSize: 0
23:52:41.730 [TestNG-test=Test-1] DEBUG io.netty.buffer.ByteBufUtil - -Dio.netty.maxThreadLocalCharBufferSize: 16384
23:52:42.072 [Forwarding newSession on session null to remote] DEBUG io.netty.channel.DefaultChannelId - -Dio.netty.processId: 10604 (auto-detected)
23:52:42.076 [Forwarding newSession on session null to remote] DEBUG io.netty.util.NetUtil - -Djava.net.preferIPv4Stack: false
23:52:42.076 [Forwarding newSession on session null to remote] DEBUG io.netty.util.NetUtil - -Djava.net.preferIPv6Addresses: false
23:52:42.087 [Forwarding newSession on session null to remote] DEBUG io.netty.util.NetUtilInitializations - Loopback interface: lo (Software Loopback Interface 1, 127.0.0.1)
23:52:42.089 [Forwarding newSession on session null to remote] DEBUG io.netty.util.NetUtil - Failed to get SOMAXCONN from sysctl and file \proc\sys\net\core\somaxconn. Default: 200
23:52:42.109 [Forwarding newSession on session null to remote] DEBUG io.netty.channel.DefaultChannelId - -Dio.netty.machineId: e4:a4:71:ff:fe:d6:39:22 (auto-detected)
23:52:42.177 [AsyncHttpClient-1-2] DEBUG io.netty.buffer.AbstractByteBuf - -Dio.netty.buffer.checkAccessible: true
23:52:42.177 [AsyncHttpClient-1-2] DEBUG io.netty.buffer.AbstractByteBuf - -Dio.netty.buffer.checkBounds: true
23:52:42.178 [AsyncHttpClient-1-2] DEBUG io.netty.util.ResourceLeakDetectorFactory - Loaded default ResourceLeakDetector: io.netty.util.ResourceLeakDetector@44ebee2c
23:52:42.199 [AsyncHttpClient-1-2] DEBUG org.asynchttpclient.netty.channel.NettyConnectListener - Using new Channel '[id: 0xc2c7103d, L:/127.0.0.1:63068 - R:localhost/127.0.0.1:31378]' for 'POST' to '/session'
23:52:42.226 [AsyncHttpClient-1-2] DEBUG io.netty.util.Recycler - -Dio.netty.recycler.maxCapacityPerThread: 4096
23:52:42.226 [AsyncHttpClient-1-2] DEBUG io.netty.util.Recycler - -Dio.netty.recycler.ratio: 8
23:52:42.226 [AsyncHttpClient-1-2] DEBUG io.netty.util.Recycler - -Dio.netty.recycler.chunkSize: 32
23:52:42.226 [AsyncHttpClient-1-2] DEBUG io.netty.util.Recycler - -Dio.netty.recycler.blocking: false
23:52:42.227 [AsyncHttpClient-1-2] DEBUG io.netty.util.Recycler - -Dio.netty.recycler.batchFastThreadLocalOnly: true
23:52:43.218 [AsyncHttpClient-1-2] DEBUG io.netty.handler.codec.compression.Brotli - brotli4j not in the classpath; Brotli support will be unavailable.
23:52:43.219 [AsyncHttpClient-1-2] DEBUG org.asynchttpclient.netty.handler.HttpHandler - 

Request DefaultHttpRequest(decodeResult: success, version: HTTP/1.1)
POST /session HTTP/1.1
User-Agent: selenium/4.13.0 (java windows)
Content-Length: 336
Content-Type: application/json; charset=utf-8
host: localhost:31378
accept: */*

Response DefaultHttpResponse(decodeResult: success, version: HTTP/1.1)
HTTP/1.1 200 OK
Content-Length: 881
Content-Type: application/json; charset=utf-8
cache-control: no-cache

23:52:43.232 [AsyncHttpClient-1-2] DEBUG org.asynchttpclient.netty.channel.ChannelManager - Adding key: http://localhost:31378 for channel [id: 0xc2c7103d, L:/127.0.0.1:63068 - R:localhost/127.0.0.1:31378]
23:52:43.380 [AsyncHttpClient-1-3] DEBUG org.asynchttpclient.netty.channel.NettyConnectListener - Using new Channel '[id: 0x9a0de5c1, L:/127.0.0.1:63075 - R:localhost/127.0.0.1:63069]' for 'GET' to '/json/version'
23:52:43.384 [AsyncHttpClient-1-3] DEBUG org.asynchttpclient.netty.handler.HttpHandler - 

Request DefaultFullHttpRequest(decodeResult: success, version: HTTP/1.1, content: EmptyByteBufBE)
GET /json/version HTTP/1.1
User-Agent: selenium/4.13.0 (java windows)
host: localhost:63069
accept: */*

Response DefaultHttpResponse(decodeResult: success, version: HTTP/1.1)
HTTP/1.1 200 OK
Content-Security-Policy: frame-ancestors 'none'
Content-Length: 423
Content-Type: application/json; charset=UTF-8

23:52:43.385 [AsyncHttpClient-1-3] DEBUG org.asynchttpclient.netty.channel.ChannelManager - Adding key: http://localhost:63069 for channel [id: 0x9a0de5c1, L:/127.0.0.1:63075 - R:localhost/127.0.0.1:63069]
23:52:43.399 [TestNG-test=Test-1] DEBUG io.netty.util.internal.ThreadLocalRandom - -Dio.netty.initialSeedUniquifier: 0xec8a296d6367b339
23:52:43.403 [AsyncHttpClient-1-4] DEBUG org.asynchttpclient.netty.channel.NettyConnectListener - Using new Channel '[id: 0xf10c75a3, L:/127.0.0.1:63076 - R:localhost/127.0.0.1:63069]' for 'GET' to '/devtools/browser/ef1b01db-807e-4c96-96a5-455bfe60fb94'
23:52:43.406 [AsyncHttpClient-1-4] DEBUG org.asynchttpclient.netty.handler.WebSocketHandler - 

Request DefaultFullHttpRequest(decodeResult: success, version: HTTP/1.1, content: EmptyByteBufBE)
GET /devtools/browser/ef1b01db-807e-4c96-96a5-455bfe60fb94 HTTP/1.1
upgrade: websocket
connection: upgrade
sec-websocket-key: WsSW/OEEbK4FpDE9R79umA==
sec-websocket-version: 13
origin: http://localhost:63069
host: localhost:63069
accept: */*
user-agent: AHC/2.1

Response DefaultHttpResponse(decodeResult: success, version: HTTP/1.1)
HTTP/1.1 101 WebSocket Protocol Handshake
Upgrade: WebSocket
Connection: Upgrade
Sec-WebSocket-Accept: RnXtpDgFJ+hVgc0wr1jDQI7PnXc=

23:52:43.470 [Forwarding maximizeCurrentWindow on session 8549e135acb17657399110d0454add18 to remote] DEBUG org.asynchttpclient.netty.request.NettyRequestSender - Using pooled Channel '[id: 0xc2c7103d, L:/127.0.0.1:63068 - R:localhost/127.0.0.1:31378]' for 'POST' to 'http://localhost:31378/session/8549e135acb17657399110d0454add18/window/maximize'
23:52:43.471 [Forwarding maximizeCurrentWindow on session 8549e135acb17657399110d0454add18 to remote] DEBUG org.asynchttpclient.netty.request.NettyRequestSender - Using open Channel [id: 0xc2c7103d, L:/127.0.0.1:63068 - R:localhost/127.0.0.1:31378] for POST '/session/8549e135acb17657399110d0454add18/window/maximize'
23:52:43.531 [AsyncHttpClient-1-2] DEBUG org.asynchttpclient.netty.handler.HttpHandler - 

Request DefaultHttpRequest(decodeResult: success, version: HTTP/1.1)
POST /session/8549e135acb17657399110d0454add18/window/maximize HTTP/1.1
User-Agent: selenium/4.13.0 (java windows)
Content-Length: 3
Content-Type: application/json; charset=utf-8
host: localhost:31378
accept: */*

Response DefaultHttpResponse(decodeResult: success, version: HTTP/1.1)
HTTP/1.1 200 OK
Content-Length: 51
Content-Type: application/json; charset=utf-8
cache-control: no-cache

23:52:43.532 [AsyncHttpClient-1-2] DEBUG org.asynchttpclient.netty.channel.ChannelManager - Adding key: http://localhost:31378 for channel [id: 0xc2c7103d, L:/127.0.0.1:63068 - R:localhost/127.0.0.1:31378]
23:52:43.545 [Forwarding get on session 8549e135acb17657399110d0454add18 to remote] DEBUG org.asynchttpclient.netty.request.NettyRequestSender - Using pooled Channel '[id: 0xc2c7103d, L:/127.0.0.1:63068 - R:localhost/127.0.0.1:31378]' for 'POST' to 'http://localhost:31378/session/8549e135acb17657399110d0454add18/url'
23:52:43.546 [Forwarding get on session 8549e135acb17657399110d0454add18 to remote] DEBUG org.asynchttpclient.netty.request.NettyRequestSender - Using open Channel [id: 0xc2c7103d, L:/127.0.0.1:63068 - R:localhost/127.0.0.1:31378] for POST '/session/8549e135acb17657399110d0454add18/url'
23:52:43.781 [AsyncHttpClient-1-1] DEBUG org.asynchttpclient.netty.channel.DefaultChannelPool - Entry count for : http://localhost:63069 : 1
23:52:44.885 [AsyncHttpClient-1-1] DEBUG org.asynchttpclient.netty.channel.DefaultChannelPool - Entry count for : http://localhost:63069 : 1
23:52:45.696 [AsyncHttpClient-1-2] DEBUG org.asynchttpclient.netty.handler.HttpHandler - 

Request DefaultHttpRequest(decodeResult: success, version: HTTP/1.1)
POST /session/8549e135acb17657399110d0454add18/url HTTP/1.1
User-Agent: selenium/4.13.0 (java windows)
Content-Length: 52
Content-Type: application/json; charset=utf-8
host: localhost:31378
accept: */*

Response DefaultHttpResponse(decodeResult: success, version: HTTP/1.1)
HTTP/1.1 200 OK
Content-Length: 14
Content-Type: application/json; charset=utf-8
cache-control: no-cache

23:52:45.697 [AsyncHttpClient-1-2] DEBUG org.asynchttpclient.netty.channel.ChannelManager - Adding key: http://localhost:31378 for channel [id: 0xc2c7103d, L:/127.0.0.1:63068 - R:localhost/127.0.0.1:31378]
23:52:45.710 [Forwarding setTimeout on session 8549e135acb17657399110d0454add18 to remote] DEBUG org.asynchttpclient.netty.request.NettyRequestSender - Using pooled Channel '[id: 0xc2c7103d, L:/127.0.0.1:63068 - R:localhost/127.0.0.1:31378]' for 'POST' to 'http://localhost:31378/session/8549e135acb17657399110d0454add18/timeouts'
23:52:45.710 [Forwarding setTimeout on session 8549e135acb17657399110d0454add18 to remote] DEBUG org.asynchttpclient.netty.request.NettyRequestSender - Using open Channel [id: 0xc2c7103d, L:/127.0.0.1:63068 - R:localhost/127.0.0.1:31378] for POST '/session/8549e135acb17657399110d0454add18/timeouts'
23:52:45.738 [AsyncHttpClient-1-2] DEBUG org.asynchttpclient.netty.handler.HttpHandler - 

Request DefaultHttpRequest(decodeResult: success, version: HTTP/1.1)
POST /session/8549e135acb17657399110d0454add18/timeouts HTTP/1.1
User-Agent: selenium/4.13.0 (java windows)
Content-Length: 23
Content-Type: application/json; charset=utf-8
host: localhost:31378
accept: */*

Response DefaultHttpResponse(decodeResult: success, version: HTTP/1.1)
HTTP/1.1 200 OK
Content-Length: 14
Content-Type: application/json; charset=utf-8
cache-control: no-cache

23:52:45.738 [AsyncHttpClient-1-2] DEBUG org.asynchttpclient.netty.channel.ChannelManager - Adding key: http://localhost:31378 for channel [id: 0xc2c7103d, L:/127.0.0.1:63068 - R:localhost/127.0.0.1:31378]
23:52:45.815 [Forwarding findElement on session 8549e135acb17657399110d0454add18 to remote] DEBUG org.asynchttpclient.netty.request.NettyRequestSender - Using pooled Channel '[id: 0xc2c7103d, L:/127.0.0.1:63068 - R:localhost/127.0.0.1:31378]' for 'POST' to 'http://localhost:31378/session/8549e135acb17657399110d0454add18/element'
23:52:45.815 [Forwarding findElement on session 8549e135acb17657399110d0454add18 to remote] DEBUG org.asynchttpclient.netty.request.NettyRequestSender - Using open Channel [id: 0xc2c7103d, L:/127.0.0.1:63068 - R:localhost/127.0.0.1:31378] for POST '/session/8549e135acb17657399110d0454add18/element'
23:52:46.051 [AsyncHttpClient-1-1] DEBUG org.asynchttpclient.netty.channel.DefaultChannelPool - Entry count for : http://localhost:63069 : 1
23:52:46.063 [AsyncHttpClient-1-2] DEBUG org.asynchttpclient.netty.handler.HttpHandler - 

Request DefaultHttpRequest(decodeResult: success, version: HTTP/1.1)
POST /session/8549e135acb17657399110d0454add18/element HTTP/1.1
User-Agent: selenium/4.13.0 (java windows)
Content-Length: 64
Content-Type: application/json; charset=utf-8
host: localhost:31378
accept: */*

Response DefaultHttpResponse(decodeResult: success, version: HTTP/1.1)
HTTP/1.1 200 OK
Content-Length: 126
Content-Type: application/json; charset=utf-8
cache-control: no-cache

23:52:46.064 [AsyncHttpClient-1-2] DEBUG org.asynchttpclient.netty.channel.ChannelManager - Adding key: http://localhost:31378 for channel [id: 0xc2c7103d, L:/127.0.0.1:63068 - R:localhost/127.0.0.1:31378]
23:52:46.076 [Forwarding sendKeysToElement on session 8549e135acb17657399110d0454add18 to remote] DEBUG org.asynchttpclient.netty.request.NettyRequestSender - Using pooled Channel '[id: 0xc2c7103d, L:/127.0.0.1:63068 - R:localhost/127.0.0.1:31378]' for 'POST' to 'http://localhost:31378/session/8549e135acb17657399110d0454add18/element/f.E20E5A1E1B997BBE9F6D4D8269AD6E2B.d.34D90C18D4580C695FB57B511B34C75A.e.27/value'
23:52:46.076 [Forwarding sendKeysToElement on session 8549e135acb17657399110d0454add18 to remote] DEBUG org.asynchttpclient.netty.request.NettyRequestSender - Using open Channel [id: 0xc2c7103d, L:/127.0.0.1:63068 - R:localhost/127.0.0.1:31378] for POST '/session/8549e135acb17657399110d0454add18/element/f.E20E5A1E1B997BBE9F6D4D8269AD6E2B.d.34D90C18D4580C695FB57B511B34C75A.e.27/value'
23:52:47.085 [AsyncHttpClient-1-1] DEBUG org.asynchttpclient.netty.channel.DefaultChannelPool - Entry count for : http://localhost:63069 : 1
23:52:47.639 [AsyncHttpClient-1-2] DEBUG org.asynchttpclient.netty.handler.HttpHandler - 

Request DefaultHttpRequest(decodeResult: success, version: HTTP/1.1)
POST /session/8549e135acb17657399110d0454add18/element/f.E20E5A1E1B997BBE9F6D4D8269AD6E2B.d.34D90C18D4580C695FB57B511B34C75A.e.27/value HTTP/1.1
User-Agent: selenium/4.13.0 (java windows)
Content-Length: 179
Content-Type: application/json; charset=utf-8
host: localhost:31378
accept: */*

Response DefaultHttpResponse(decodeResult: success, version: HTTP/1.1)
HTTP/1.1 200 OK
Content-Length: 14
Content-Type: application/json; charset=utf-8
cache-control: no-cache

23:52:47.639 [AsyncHttpClient-1-2] DEBUG org.asynchttpclient.netty.channel.ChannelManager - Adding key: http://localhost:31378 for channel [id: 0xc2c7103d, L:/127.0.0.1:63068 - R:localhost/127.0.0.1:31378]
23:52:47.643 [Forwarding findElement on session 8549e135acb17657399110d0454add18 to remote] DEBUG org.asynchttpclient.netty.request.NettyRequestSender - Using pooled Channel '[id: 0xc2c7103d, L:/127.0.0.1:63068 - R:localhost/127.0.0.1:31378]' for 'POST' to 'http://localhost:31378/session/8549e135acb17657399110d0454add18/element'
23:52:47.643 [Forwarding findElement on session 8549e135acb17657399110d0454add18 to remote] DEBUG org.asynchttpclient.netty.request.NettyRequestSender - Using open Channel [id: 0xc2c7103d, L:/127.0.0.1:63068 - R:localhost/127.0.0.1:31378] for POST '/session/8549e135acb17657399110d0454add18/element'
23:52:47.656 [AsyncHttpClient-1-2] DEBUG org.asynchttpclient.netty.handler.HttpHandler - 

Request DefaultHttpRequest(decodeResult: success, version: HTTP/1.1)
POST /session/8549e135acb17657399110d0454add18/element HTTP/1.1
User-Agent: selenium/4.13.0 (java windows)
Content-Length: 64
Content-Type: application/json; charset=utf-8
host: localhost:31378
accept: */*

Response DefaultHttpResponse(decodeResult: success, version: HTTP/1.1)
HTTP/1.1 200 OK
Content-Length: 126
Content-Type: application/json; charset=utf-8
cache-control: no-cache

23:52:47.659 [AsyncHttpClient-1-2] DEBUG org.asynchttpclient.netty.channel.ChannelManager - Adding key: http://localhost:31378 for channel [id: 0xc2c7103d, L:/127.0.0.1:63068 - R:localhost/127.0.0.1:31378]
23:52:47.663 [Forwarding submitElement on session 8549e135acb17657399110d0454add18 to remote] DEBUG org.asynchttpclient.netty.request.NettyRequestSender - Using pooled Channel '[id: 0xc2c7103d, L:/127.0.0.1:63068 - R:localhost/127.0.0.1:31378]' for 'POST' to 'http://localhost:31378/session/8549e135acb17657399110d0454add18/execute/sync'
23:52:47.664 [Forwarding submitElement on session 8549e135acb17657399110d0454add18 to remote] DEBUG org.asynchttpclient.netty.request.NettyRequestSender - Using open Channel [id: 0xc2c7103d, L:/127.0.0.1:63068 - R:localhost/127.0.0.1:31378] for POST '/session/8549e135acb17657399110d0454add18/execute/sync'
23:52:48.182 [AsyncHttpClient-1-1] DEBUG org.asynchttpclient.netty.channel.DefaultChannelPool - Entry count for : http://localhost:63069 : 1
23:52:49.281 [AsyncHttpClient-1-1] DEBUG org.asynchttpclient.netty.channel.DefaultChannelPool - Entry count for : http://localhost:63069 : 1
23:52:50.383 [AsyncHttpClient-1-1] DEBUG org.asynchttpclient.netty.channel.DefaultChannelPool - Entry count for : http://localhost:63069 : 1
23:52:50.488 [AsyncHttpClient-1-2] DEBUG org.asynchttpclient.netty.handler.HttpHandler - 

Request DefaultHttpRequest(decodeResult: success, version: HTTP/1.1)
POST /session/8549e135acb17657399110d0454add18/execute/sync HTTP/1.1
User-Agent: selenium/4.13.0 (java windows)
Content-Length: 627
Content-Type: application/json; charset=utf-8
host: localhost:31378
accept: */*

Response DefaultHttpResponse(decodeResult: success, version: HTTP/1.1)
HTTP/1.1 200 OK
Content-Length: 14
Content-Type: application/json; charset=utf-8
cache-control: no-cache

23:52:50.489 [AsyncHttpClient-1-2] DEBUG org.asynchttpclient.netty.channel.ChannelManager - Adding key: http://localhost:31378 for channel [id: 0xc2c7103d, L:/127.0.0.1:63068 - R:localhost/127.0.0.1:31378]
]]></system-out>
    <system-err><![CDATA[SLF4J: Class path contains multiple SLF4J bindings.
SLF4J: Found binding in [jar:file:/C:/Users/G%20O%20D/.m2/repository/ch/qos/logback/logback-classic/1.2.3/logback-classic-1.2.3.jar!/org/slf4j/impl/StaticLoggerBinder.class]
SLF4J: Found binding in [jar:file:/C:/Users/G%20O%20D/.m2/repository/org/slf4j/slf4j-simple/1.7.30/slf4j-simple-1.7.30.jar!/org/slf4j/impl/StaticLoggerBinder.class]
SLF4J: See http://www.slf4j.org/codes.html#multiple_bindings for an explanation.
SLF4J: Actual binding is of type [ch.qos.logback.classic.util.ContextSelectorStaticBinder]
Sep 23, 2024 11:52:43 PM org.openqa.selenium.devtools.CdpVersionFinder findNearestMatch
WARNING: Unable to find CDP implementation matching 129
Sep 23, 2024 11:52:43 PM org.openqa.selenium.chromium.ChromiumDriver lambda$new$5
WARNING: Unable to find version of CDP to use for 129.0.6668.58. You may need to include a dependency on a specific version of the CDP using something similar to `org.seleniumhq.selenium:selenium-devtools-v86:4.13.0` where the version ("v86") matches the version of the chromium-based browser you're using and the version number of the artifact is the same as Selenium's.
]]></system-err>
  </testcase>
  <testcase name="searchFuncationality[pants](2)" classname="com.bis.testexceution.AmazonSearach" time="7.267">
    <system-out><![CDATA[23:52:50.513 [AsyncHttpClient-1-4] DEBUG org.asynchttpclient.netty.handler.WebSocketHandler - Channel Closed: [id: 0xf10c75a3, L:/127.0.0.1:63076 ! R:localhost/127.0.0.1:63069] with attribute DISCARD
23:52:50.525 [Driver Command Executor] DEBUG org.asynchttpclient.netty.request.NettyRequestSender - Using pooled Channel '[id: 0xc2c7103d, L:/127.0.0.1:63068 - R:localhost/127.0.0.1:31378]' for 'DELETE' to 'http://localhost:31378/session/8549e135acb17657399110d0454add18'
23:52:50.525 [Driver Command Executor] DEBUG org.asynchttpclient.netty.request.NettyRequestSender - Using open Channel [id: 0xc2c7103d, L:/127.0.0.1:63068 - R:localhost/127.0.0.1:31378] for DELETE '/session/8549e135acb17657399110d0454add18'
23:52:50.745 [AsyncHttpClient-1-3] DEBUG org.asynchttpclient.netty.handler.HttpHandler - Unexpected I/O exception on channel [id: 0x9a0de5c1, L:/127.0.0.1:63075 - R:localhost/127.0.0.1:63069]
java.net.SocketException: Connection reset
	at java.base/sun.nio.ch.SocketChannelImpl.throwConnectionReset(SocketChannelImpl.java:394)
	at java.base/sun.nio.ch.SocketChannelImpl.read(SocketChannelImpl.java:426)
	at io.netty.buffer.PooledByteBuf.setBytes(PooledByteBuf.java:254)
	at io.netty.buffer.AbstractByteBuf.writeBytes(AbstractByteBuf.java:1132)
	at io.netty.channel.socket.nio.NioSocketChannel.doReadBytes(NioSocketChannel.java:357)
	at io.netty.channel.nio.AbstractNioByteChannel$NioByteUnsafe.read(AbstractNioByteChannel.java:151)
	at io.netty.channel.nio.NioEventLoop.processSelectedKey(NioEventLoop.java:788)
	at io.netty.channel.nio.NioEventLoop.processSelectedKeysOptimized(NioEventLoop.java:724)
	at io.netty.channel.nio.NioEventLoop.processSelectedKeys(NioEventLoop.java:650)
	at io.netty.channel.nio.NioEventLoop.run(NioEventLoop.java:562)
	at io.netty.util.concurrent.SingleThreadEventExecutor$4.run(SingleThreadEventExecutor.java:997)
	at io.netty.util.internal.ThreadExecutorMap$2.run(ThreadExecutorMap.java:74)
	at io.netty.util.concurrent.FastThreadLocalRunnable.run(FastThreadLocalRunnable.java:30)
	at java.base/java.lang.Thread.run(Thread.java:842)
23:52:50.746 [AsyncHttpClient-1-3] DEBUG org.asynchttpclient.netty.channel.ChannelManager - Closing Channel [id: 0x9a0de5c1, L:/127.0.0.1:63075 - R:localhost/127.0.0.1:63069] 
23:52:50.748 [AsyncHttpClient-1-3] DEBUG org.asynchttpclient.netty.handler.HttpHandler - Channel Closed: [id: 0x9a0de5c1, L:/127.0.0.1:63075 ! R:localhost/127.0.0.1:63069] with attribute DISCARD
23:52:50.765 [AsyncHttpClient-1-2] DEBUG org.asynchttpclient.netty.handler.HttpHandler - 

Request DefaultFullHttpRequest(decodeResult: success, version: HTTP/1.1, content: EmptyByteBufBE)
DELETE /session/8549e135acb17657399110d0454add18 HTTP/1.1
User-Agent: selenium/4.13.0 (java windows)
Content-Type: application/json; charset=utf-8
host: localhost:31378
accept: */*

Response DefaultHttpResponse(decodeResult: success, version: HTTP/1.1)
HTTP/1.1 200 OK
Content-Length: 14
Content-Type: application/json; charset=utf-8
cache-control: no-cache

23:52:50.765 [AsyncHttpClient-1-2] DEBUG org.asynchttpclient.netty.channel.ChannelManager - Adding key: http://localhost:31378 for channel [id: 0xc2c7103d, L:/127.0.0.1:63068 - R:localhost/127.0.0.1:31378]
23:52:50.926 [AsyncHttpClient-1-2] DEBUG org.asynchttpclient.netty.handler.HttpHandler - Channel Closed: [id: 0xc2c7103d, L:/127.0.0.1:63068 ! R:localhost/127.0.0.1:31378] with attribute DISCARD
23:52:51.472 [AsyncHttpClient-1-5] DEBUG org.asynchttpclient.netty.channel.NettyConnectListener - Using new Channel '[id: 0x50ddf824, L:/127.0.0.1:63157 - R:localhost/127.0.0.1:2192]' for 'POST' to '/session'
23:52:51.481 [AsyncHttpClient-1-1] DEBUG org.asynchttpclient.netty.channel.DefaultChannelPool - Entry count for : http://localhost:63069 : 1
23:52:51.481 [AsyncHttpClient-1-1] DEBUG org.asynchttpclient.netty.channel.DefaultChannelPool - Entry count for : http://localhost:31378 : 1
23:52:51.481 [AsyncHttpClient-1-1] DEBUG org.asynchttpclient.netty.channel.DefaultChannelPool - Adding Candidate expired Channel [id: 0x9a0de5c1, L:/127.0.0.1:63075 ! R:localhost/127.0.0.1:63069] isIdleTimeoutExpired=false isRemotelyClosed=true isTtlExpired=false
23:52:51.481 [AsyncHttpClient-1-1] DEBUG org.asynchttpclient.netty.channel.DefaultChannelPool - Closing Idle Channel [id: 0x9a0de5c1, L:/127.0.0.1:63075 ! R:localhost/127.0.0.1:63069]
23:52:51.482 [AsyncHttpClient-1-1] DEBUG org.asynchttpclient.netty.channel.DefaultChannelPool - Adding Candidate expired Channel [id: 0xc2c7103d, L:/127.0.0.1:63068 ! R:localhost/127.0.0.1:31378] isIdleTimeoutExpired=false isRemotelyClosed=true isTtlExpired=false
23:52:51.482 [AsyncHttpClient-1-1] DEBUG org.asynchttpclient.netty.channel.DefaultChannelPool - Closing Idle Channel [id: 0xc2c7103d, L:/127.0.0.1:63068 ! R:localhost/127.0.0.1:31378]
23:52:51.482 [AsyncHttpClient-1-1] DEBUG org.asynchttpclient.netty.channel.DefaultChannelPool - Closed 2 connections out of 2 in 1 ms
23:52:52.411 [AsyncHttpClient-1-5] DEBUG org.asynchttpclient.netty.handler.HttpHandler - 

Request DefaultHttpRequest(decodeResult: success, version: HTTP/1.1)
POST /session HTTP/1.1
User-Agent: selenium/4.13.0 (java windows)
Content-Length: 336
Content-Type: application/json; charset=utf-8
host: localhost:2192
accept: */*

Response DefaultHttpResponse(decodeResult: success, version: HTTP/1.1)
HTTP/1.1 200 OK
Content-Length: 882
Content-Type: application/json; charset=utf-8
cache-control: no-cache

23:52:52.412 [AsyncHttpClient-1-5] DEBUG org.asynchttpclient.netty.channel.ChannelManager - Adding key: http://localhost:2192 for channel [id: 0x50ddf824, L:/127.0.0.1:63157 - R:localhost/127.0.0.1:2192]
23:52:52.424 [AsyncHttpClient-1-6] DEBUG org.asynchttpclient.netty.channel.NettyConnectListener - Using new Channel '[id: 0xb3c402c9, L:/127.0.0.1:63164 - R:localhost/127.0.0.1:63158]' for 'GET' to '/json/version'
23:52:52.426 [AsyncHttpClient-1-6] DEBUG org.asynchttpclient.netty.handler.HttpHandler - 

Request DefaultFullHttpRequest(decodeResult: success, version: HTTP/1.1, content: EmptyByteBufBE)
GET /json/version HTTP/1.1
User-Agent: selenium/4.13.0 (java windows)
host: localhost:63158
accept: */*

Response DefaultHttpResponse(decodeResult: success, version: HTTP/1.1)
HTTP/1.1 200 OK
Content-Security-Policy: frame-ancestors 'none'
Content-Length: 423
Content-Type: application/json; charset=UTF-8

23:52:52.427 [AsyncHttpClient-1-6] DEBUG org.asynchttpclient.netty.channel.ChannelManager - Adding key: http://localhost:63158 for channel [id: 0xb3c402c9, L:/127.0.0.1:63164 - R:localhost/127.0.0.1:63158]
23:52:52.431 [AsyncHttpClient-1-7] DEBUG org.asynchttpclient.netty.channel.NettyConnectListener - Using new Channel '[id: 0x4340217a, L:/127.0.0.1:63165 - R:localhost/127.0.0.1:63158]' for 'GET' to '/devtools/browser/d4de20e4-f40d-48ad-8ab0-4a41a77a84db'
23:52:52.436 [AsyncHttpClient-1-7] DEBUG org.asynchttpclient.netty.handler.WebSocketHandler - 

Request DefaultFullHttpRequest(decodeResult: success, version: HTTP/1.1, content: EmptyByteBufBE)
GET /devtools/browser/d4de20e4-f40d-48ad-8ab0-4a41a77a84db HTTP/1.1
upgrade: websocket
connection: upgrade
sec-websocket-key: RCd4RXppSAaqP43r0+Kx1Q==
sec-websocket-version: 13
origin: http://localhost:63158
host: localhost:63158
accept: */*
user-agent: AHC/2.1

Response DefaultHttpResponse(decodeResult: success, version: HTTP/1.1)
HTTP/1.1 101 WebSocket Protocol Handshake
Upgrade: WebSocket
Connection: Upgrade
Sec-WebSocket-Accept: n1a6+IyUuQ5cGyujeB4oNaMrG1s=

23:52:52.443 [Forwarding maximizeCurrentWindow on session fb1930cf18becaab9cec4757c0a21803 to remote] DEBUG org.asynchttpclient.netty.request.NettyRequestSender - Using pooled Channel '[id: 0x50ddf824, L:/127.0.0.1:63157 - R:localhost/127.0.0.1:2192]' for 'POST' to 'http://localhost:2192/session/fb1930cf18becaab9cec4757c0a21803/window/maximize'
23:52:52.443 [Forwarding maximizeCurrentWindow on session fb1930cf18becaab9cec4757c0a21803 to remote] DEBUG org.asynchttpclient.netty.request.NettyRequestSender - Using open Channel [id: 0x50ddf824, L:/127.0.0.1:63157 - R:localhost/127.0.0.1:2192] for POST '/session/fb1930cf18becaab9cec4757c0a21803/window/maximize'
23:52:52.501 [AsyncHttpClient-1-5] DEBUG org.asynchttpclient.netty.handler.HttpHandler - 

Request DefaultHttpRequest(decodeResult: success, version: HTTP/1.1)
POST /session/fb1930cf18becaab9cec4757c0a21803/window/maximize HTTP/1.1
User-Agent: selenium/4.13.0 (java windows)
Content-Length: 3
Content-Type: application/json; charset=utf-8
host: localhost:2192
accept: */*

Response DefaultHttpResponse(decodeResult: success, version: HTTP/1.1)
HTTP/1.1 200 OK
Content-Length: 51
Content-Type: application/json; charset=utf-8
cache-control: no-cache

23:52:52.502 [AsyncHttpClient-1-5] DEBUG org.asynchttpclient.netty.channel.ChannelManager - Adding key: http://localhost:2192 for channel [id: 0x50ddf824, L:/127.0.0.1:63157 - R:localhost/127.0.0.1:2192]
23:52:52.511 [Forwarding get on session fb1930cf18becaab9cec4757c0a21803 to remote] DEBUG org.asynchttpclient.netty.request.NettyRequestSender - Using pooled Channel '[id: 0x50ddf824, L:/127.0.0.1:63157 - R:localhost/127.0.0.1:2192]' for 'POST' to 'http://localhost:2192/session/fb1930cf18becaab9cec4757c0a21803/url'
23:52:52.511 [Forwarding get on session fb1930cf18becaab9cec4757c0a21803 to remote] DEBUG org.asynchttpclient.netty.request.NettyRequestSender - Using open Channel [id: 0x50ddf824, L:/127.0.0.1:63157 - R:localhost/127.0.0.1:2192] for POST '/session/fb1930cf18becaab9cec4757c0a21803/url'
23:52:52.591 [AsyncHttpClient-1-1] DEBUG org.asynchttpclient.netty.channel.DefaultChannelPool - Entry count for : http://localhost:63158 : 1
23:52:52.757 [AsyncHttpClient-1-5] DEBUG org.asynchttpclient.netty.handler.HttpHandler - 

Request DefaultHttpRequest(decodeResult: success, version: HTTP/1.1)
POST /session/fb1930cf18becaab9cec4757c0a21803/url HTTP/1.1
User-Agent: selenium/4.13.0 (java windows)
Content-Length: 52
Content-Type: application/json; charset=utf-8
host: localhost:2192
accept: */*

Response DefaultHttpResponse(decodeResult: success, version: HTTP/1.1)
HTTP/1.1 200 OK
Content-Length: 14
Content-Type: application/json; charset=utf-8
cache-control: no-cache

23:52:52.757 [AsyncHttpClient-1-5] DEBUG org.asynchttpclient.netty.channel.ChannelManager - Adding key: http://localhost:2192 for channel [id: 0x50ddf824, L:/127.0.0.1:63157 - R:localhost/127.0.0.1:2192]
23:52:52.761 [Forwarding setTimeout on session fb1930cf18becaab9cec4757c0a21803 to remote] DEBUG org.asynchttpclient.netty.request.NettyRequestSender - Using pooled Channel '[id: 0x50ddf824, L:/127.0.0.1:63157 - R:localhost/127.0.0.1:2192]' for 'POST' to 'http://localhost:2192/session/fb1930cf18becaab9cec4757c0a21803/timeouts'
23:52:52.762 [Forwarding setTimeout on session fb1930cf18becaab9cec4757c0a21803 to remote] DEBUG org.asynchttpclient.netty.request.NettyRequestSender - Using open Channel [id: 0x50ddf824, L:/127.0.0.1:63157 - R:localhost/127.0.0.1:2192] for POST '/session/fb1930cf18becaab9cec4757c0a21803/timeouts'
23:52:52.764 [AsyncHttpClient-1-5] DEBUG org.asynchttpclient.netty.handler.HttpHandler - 

Request DefaultHttpRequest(decodeResult: success, version: HTTP/1.1)
POST /session/fb1930cf18becaab9cec4757c0a21803/timeouts HTTP/1.1
User-Agent: selenium/4.13.0 (java windows)
Content-Length: 23
Content-Type: application/json; charset=utf-8
host: localhost:2192
accept: */*

Response DefaultHttpResponse(decodeResult: success, version: HTTP/1.1)
HTTP/1.1 200 OK
Content-Length: 14
Content-Type: application/json; charset=utf-8
cache-control: no-cache

23:52:52.765 [AsyncHttpClient-1-5] DEBUG org.asynchttpclient.netty.channel.ChannelManager - Adding key: http://localhost:2192 for channel [id: 0x50ddf824, L:/127.0.0.1:63157 - R:localhost/127.0.0.1:2192]
23:52:52.771 [Forwarding findElement on session fb1930cf18becaab9cec4757c0a21803 to remote] DEBUG org.asynchttpclient.netty.request.NettyRequestSender - Using pooled Channel '[id: 0x50ddf824, L:/127.0.0.1:63157 - R:localhost/127.0.0.1:2192]' for 'POST' to 'http://localhost:2192/session/fb1930cf18becaab9cec4757c0a21803/element'
23:52:52.771 [Forwarding findElement on session fb1930cf18becaab9cec4757c0a21803 to remote] DEBUG org.asynchttpclient.netty.request.NettyRequestSender - Using open Channel [id: 0x50ddf824, L:/127.0.0.1:63157 - R:localhost/127.0.0.1:2192] for POST '/session/fb1930cf18becaab9cec4757c0a21803/element'
23:52:53.688 [AsyncHttpClient-1-1] DEBUG org.asynchttpclient.netty.channel.DefaultChannelPool - Entry count for : http://localhost:63158 : 1
23:52:54.785 [AsyncHttpClient-1-1] DEBUG org.asynchttpclient.netty.channel.DefaultChannelPool - Entry count for : http://localhost:63158 : 1
23:52:55.481 [AsyncHttpClient-1-5] DEBUG org.asynchttpclient.netty.handler.HttpHandler - 

Request DefaultHttpRequest(decodeResult: success, version: HTTP/1.1)
POST /session/fb1930cf18becaab9cec4757c0a21803/element HTTP/1.1
User-Agent: selenium/4.13.0 (java windows)
Content-Length: 64
Content-Type: application/json; charset=utf-8
host: localhost:2192
accept: */*

Response DefaultHttpResponse(decodeResult: success, version: HTTP/1.1)
HTTP/1.1 200 OK
Content-Length: 126
Content-Type: application/json; charset=utf-8
cache-control: no-cache

23:52:55.481 [AsyncHttpClient-1-5] DEBUG org.asynchttpclient.netty.channel.ChannelManager - Adding key: http://localhost:2192 for channel [id: 0x50ddf824, L:/127.0.0.1:63157 - R:localhost/127.0.0.1:2192]
23:52:55.483 [Forwarding sendKeysToElement on session fb1930cf18becaab9cec4757c0a21803 to remote] DEBUG org.asynchttpclient.netty.request.NettyRequestSender - Using pooled Channel '[id: 0x50ddf824, L:/127.0.0.1:63157 - R:localhost/127.0.0.1:2192]' for 'POST' to 'http://localhost:2192/session/fb1930cf18becaab9cec4757c0a21803/element/f.728CB6D2D00BA7405C878F8A88EC12F8.d.1FF4C4B424294DB7FD8578784E83D7BC.e.28/value'
23:52:55.483 [Forwarding sendKeysToElement on session fb1930cf18becaab9cec4757c0a21803 to remote] DEBUG org.asynchttpclient.netty.request.NettyRequestSender - Using open Channel [id: 0x50ddf824, L:/127.0.0.1:63157 - R:localhost/127.0.0.1:2192] for POST '/session/fb1930cf18becaab9cec4757c0a21803/element/f.728CB6D2D00BA7405C878F8A88EC12F8.d.1FF4C4B424294DB7FD8578784E83D7BC.e.28/value'
23:52:55.880 [AsyncHttpClient-1-1] DEBUG org.asynchttpclient.netty.channel.DefaultChannelPool - Entry count for : http://localhost:63158 : 1
23:52:56.630 [AsyncHttpClient-1-5] DEBUG org.asynchttpclient.netty.handler.HttpHandler - 

Request DefaultHttpRequest(decodeResult: success, version: HTTP/1.1)
POST /session/fb1930cf18becaab9cec4757c0a21803/element/f.728CB6D2D00BA7405C878F8A88EC12F8.d.1FF4C4B424294DB7FD8578784E83D7BC.e.28/value HTTP/1.1
User-Agent: selenium/4.13.0 (java windows)
Content-Length: 169
Content-Type: application/json; charset=utf-8
host: localhost:2192
accept: */*

Response DefaultHttpResponse(decodeResult: success, version: HTTP/1.1)
HTTP/1.1 200 OK
Content-Length: 14
Content-Type: application/json; charset=utf-8
cache-control: no-cache

23:52:56.633 [AsyncHttpClient-1-5] DEBUG org.asynchttpclient.netty.channel.ChannelManager - Adding key: http://localhost:2192 for channel [id: 0x50ddf824, L:/127.0.0.1:63157 - R:localhost/127.0.0.1:2192]
23:52:56.640 [Forwarding findElement on session fb1930cf18becaab9cec4757c0a21803 to remote] DEBUG org.asynchttpclient.netty.request.NettyRequestSender - Using pooled Channel '[id: 0x50ddf824, L:/127.0.0.1:63157 - R:localhost/127.0.0.1:2192]' for 'POST' to 'http://localhost:2192/session/fb1930cf18becaab9cec4757c0a21803/element'
23:52:56.640 [Forwarding findElement on session fb1930cf18becaab9cec4757c0a21803 to remote] DEBUG org.asynchttpclient.netty.request.NettyRequestSender - Using open Channel [id: 0x50ddf824, L:/127.0.0.1:63157 - R:localhost/127.0.0.1:2192] for POST '/session/fb1930cf18becaab9cec4757c0a21803/element'
23:52:56.682 [AsyncHttpClient-1-5] DEBUG org.asynchttpclient.netty.handler.HttpHandler - 

Request DefaultHttpRequest(decodeResult: success, version: HTTP/1.1)
POST /session/fb1930cf18becaab9cec4757c0a21803/element HTTP/1.1
User-Agent: selenium/4.13.0 (java windows)
Content-Length: 64
Content-Type: application/json; charset=utf-8
host: localhost:2192
accept: */*

Response DefaultHttpResponse(decodeResult: success, version: HTTP/1.1)
HTTP/1.1 200 OK
Content-Length: 126
Content-Type: application/json; charset=utf-8
cache-control: no-cache

23:52:56.682 [AsyncHttpClient-1-5] DEBUG org.asynchttpclient.netty.channel.ChannelManager - Adding key: http://localhost:2192 for channel [id: 0x50ddf824, L:/127.0.0.1:63157 - R:localhost/127.0.0.1:2192]
23:52:56.688 [Forwarding submitElement on session fb1930cf18becaab9cec4757c0a21803 to remote] DEBUG org.asynchttpclient.netty.request.NettyRequestSender - Using pooled Channel '[id: 0x50ddf824, L:/127.0.0.1:63157 - R:localhost/127.0.0.1:2192]' for 'POST' to 'http://localhost:2192/session/fb1930cf18becaab9cec4757c0a21803/execute/sync'
23:52:56.689 [Forwarding submitElement on session fb1930cf18becaab9cec4757c0a21803 to remote] DEBUG org.asynchttpclient.netty.request.NettyRequestSender - Using open Channel [id: 0x50ddf824, L:/127.0.0.1:63157 - R:localhost/127.0.0.1:2192] for POST '/session/fb1930cf18becaab9cec4757c0a21803/execute/sync'
23:52:56.983 [AsyncHttpClient-1-1] DEBUG org.asynchttpclient.netty.channel.DefaultChannelPool - Entry count for : http://localhost:63158 : 1
23:52:58.082 [AsyncHttpClient-1-1] DEBUG org.asynchttpclient.netty.channel.DefaultChannelPool - Entry count for : http://localhost:63158 : 1
23:52:59.184 [AsyncHttpClient-1-1] DEBUG org.asynchttpclient.netty.channel.DefaultChannelPool - Entry count for : http://localhost:63158 : 1
23:53:00.041 [AsyncHttpClient-1-5] DEBUG org.asynchttpclient.netty.handler.HttpHandler - 

Request DefaultHttpRequest(decodeResult: success, version: HTTP/1.1)
POST /session/fb1930cf18becaab9cec4757c0a21803/execute/sync HTTP/1.1
User-Agent: selenium/4.13.0 (java windows)
Content-Length: 627
Content-Type: application/json; charset=utf-8
host: localhost:2192
accept: */*

Response DefaultHttpResponse(decodeResult: success, version: HTTP/1.1)
HTTP/1.1 200 OK
Content-Length: 14
Content-Type: application/json; charset=utf-8
cache-control: no-cache

23:53:00.041 [AsyncHttpClient-1-5] DEBUG org.asynchttpclient.netty.channel.ChannelManager - Adding key: http://localhost:2192 for channel [id: 0x50ddf824, L:/127.0.0.1:63157 - R:localhost/127.0.0.1:2192]
]]></system-out>
    <system-err><![CDATA[Sep 23, 2024 11:52:52 PM org.openqa.selenium.devtools.CdpVersionFinder findNearestMatch
WARNING: Unable to find CDP implementation matching 129
Sep 23, 2024 11:52:52 PM org.openqa.selenium.chromium.ChromiumDriver lambda$new$5
WARNING: Unable to find version of CDP to use for 129.0.6668.58. You may need to include a dependency on a specific version of the CDP using something similar to `org.seleniumhq.selenium:selenium-devtools-v86:4.13.0` where the version ("v86") matches the version of the chromium-based browser you're using and the version number of the artifact is the same as Selenium's.
]]></system-err>
  </testcase>
  <testcase name="searchFuncationality[shoes](3)" classname="com.bis.testexceution.AmazonSearach" time="6.605">
    <system-out><![CDATA[23:53:00.045 [AsyncHttpClient-1-7] DEBUG org.asynchttpclient.netty.handler.WebSocketHandler - Channel Closed: [id: 0x4340217a, L:/127.0.0.1:63165 ! R:localhost/127.0.0.1:63158] with attribute DISCARD
23:53:00.051 [Driver Command Executor] DEBUG org.asynchttpclient.netty.request.NettyRequestSender - Using pooled Channel '[id: 0x50ddf824, L:/127.0.0.1:63157 - R:localhost/127.0.0.1:2192]' for 'DELETE' to 'http://localhost:2192/session/fb1930cf18becaab9cec4757c0a21803'
23:53:00.053 [Driver Command Executor] DEBUG org.asynchttpclient.netty.request.NettyRequestSender - Using open Channel [id: 0x50ddf824, L:/127.0.0.1:63157 - R:localhost/127.0.0.1:2192] for DELETE '/session/fb1930cf18becaab9cec4757c0a21803'
23:53:00.193 [AsyncHttpClient-1-6] DEBUG org.asynchttpclient.netty.handler.HttpHandler - Unexpected I/O exception on channel [id: 0xb3c402c9, L:/127.0.0.1:63164 - R:localhost/127.0.0.1:63158]
java.net.SocketException: Connection reset
	at java.base/sun.nio.ch.SocketChannelImpl.throwConnectionReset(SocketChannelImpl.java:394)
	at java.base/sun.nio.ch.SocketChannelImpl.read(SocketChannelImpl.java:426)
	at io.netty.buffer.PooledByteBuf.setBytes(PooledByteBuf.java:254)
	at io.netty.buffer.AbstractByteBuf.writeBytes(AbstractByteBuf.java:1132)
	at io.netty.channel.socket.nio.NioSocketChannel.doReadBytes(NioSocketChannel.java:357)
	at io.netty.channel.nio.AbstractNioByteChannel$NioByteUnsafe.read(AbstractNioByteChannel.java:151)
	at io.netty.channel.nio.NioEventLoop.processSelectedKey(NioEventLoop.java:788)
	at io.netty.channel.nio.NioEventLoop.processSelectedKeysOptimized(NioEventLoop.java:724)
	at io.netty.channel.nio.NioEventLoop.processSelectedKeys(NioEventLoop.java:650)
	at io.netty.channel.nio.NioEventLoop.run(NioEventLoop.java:562)
	at io.netty.util.concurrent.SingleThreadEventExecutor$4.run(SingleThreadEventExecutor.java:997)
	at io.netty.util.internal.ThreadExecutorMap$2.run(ThreadExecutorMap.java:74)
	at io.netty.util.concurrent.FastThreadLocalRunnable.run(FastThreadLocalRunnable.java:30)
	at java.base/java.lang.Thread.run(Thread.java:842)
23:53:00.193 [AsyncHttpClient-1-6] DEBUG org.asynchttpclient.netty.channel.ChannelManager - Closing Channel [id: 0xb3c402c9, L:/127.0.0.1:63164 - R:localhost/127.0.0.1:63158] 
23:53:00.193 [AsyncHttpClient-1-6] DEBUG org.asynchttpclient.netty.handler.HttpHandler - Channel Closed: [id: 0xb3c402c9, L:/127.0.0.1:63164 ! R:localhost/127.0.0.1:63158] with attribute DISCARD
23:53:00.230 [AsyncHttpClient-1-5] DEBUG org.asynchttpclient.netty.handler.HttpHandler - 

Request DefaultFullHttpRequest(decodeResult: success, version: HTTP/1.1, content: EmptyByteBufBE)
DELETE /session/fb1930cf18becaab9cec4757c0a21803 HTTP/1.1
User-Agent: selenium/4.13.0 (java windows)
Content-Type: application/json; charset=utf-8
host: localhost:2192
accept: */*

Response DefaultHttpResponse(decodeResult: success, version: HTTP/1.1)
HTTP/1.1 200 OK
Content-Length: 14
Content-Type: application/json; charset=utf-8
cache-control: no-cache

23:53:00.231 [AsyncHttpClient-1-5] DEBUG org.asynchttpclient.netty.channel.ChannelManager - Adding key: http://localhost:2192 for channel [id: 0x50ddf824, L:/127.0.0.1:63157 - R:localhost/127.0.0.1:2192]
23:53:00.291 [AsyncHttpClient-1-1] DEBUG org.asynchttpclient.netty.channel.DefaultChannelPool - Entry count for : http://localhost:63158 : 1
23:53:00.291 [AsyncHttpClient-1-1] DEBUG org.asynchttpclient.netty.channel.DefaultChannelPool - Entry count for : http://localhost:2192 : 1
23:53:00.291 [AsyncHttpClient-1-1] DEBUG org.asynchttpclient.netty.channel.DefaultChannelPool - Adding Candidate expired Channel [id: 0xb3c402c9, L:/127.0.0.1:63164 ! R:localhost/127.0.0.1:63158] isIdleTimeoutExpired=false isRemotelyClosed=true isTtlExpired=false
23:53:00.291 [AsyncHttpClient-1-1] DEBUG org.asynchttpclient.netty.channel.DefaultChannelPool - Closing Idle Channel [id: 0xb3c402c9, L:/127.0.0.1:63164 ! R:localhost/127.0.0.1:63158]
23:53:00.291 [AsyncHttpClient-1-1] DEBUG org.asynchttpclient.netty.channel.DefaultChannelPool - Closed 1 connections out of 2 in 0 ms
23:53:00.420 [AsyncHttpClient-1-5] DEBUG org.asynchttpclient.netty.handler.HttpHandler - Channel Closed: [id: 0x50ddf824, L:/127.0.0.1:63157 ! R:localhost/127.0.0.1:2192] with attribute DISCARD
23:53:00.969 [AsyncHttpClient-1-8] DEBUG org.asynchttpclient.netty.channel.NettyConnectListener - Using new Channel '[id: 0x702611d9, L:/127.0.0.1:63255 - R:localhost/127.0.0.1:9723]' for 'POST' to '/session'
23:53:01.406 [AsyncHttpClient-1-1] DEBUG org.asynchttpclient.netty.channel.DefaultChannelPool - Entry count for : http://localhost:2192 : 1
23:53:01.406 [AsyncHttpClient-1-1] DEBUG org.asynchttpclient.netty.channel.DefaultChannelPool - Adding Candidate expired Channel [id: 0x50ddf824, L:/127.0.0.1:63157 ! R:localhost/127.0.0.1:2192] isIdleTimeoutExpired=false isRemotelyClosed=true isTtlExpired=false
23:53:01.406 [AsyncHttpClient-1-1] DEBUG org.asynchttpclient.netty.channel.DefaultChannelPool - Closing Idle Channel [id: 0x50ddf824, L:/127.0.0.1:63157 ! R:localhost/127.0.0.1:2192]
23:53:01.406 [AsyncHttpClient-1-1] DEBUG org.asynchttpclient.netty.channel.DefaultChannelPool - Closed 1 connections out of 1 in 0 ms
23:53:01.937 [AsyncHttpClient-1-8] DEBUG org.asynchttpclient.netty.handler.HttpHandler - 

Request DefaultHttpRequest(decodeResult: success, version: HTTP/1.1)
POST /session HTTP/1.1
User-Agent: selenium/4.13.0 (java windows)
Content-Length: 336
Content-Type: application/json; charset=utf-8
host: localhost:9723
accept: */*

Response DefaultHttpResponse(decodeResult: success, version: HTTP/1.1)
HTTP/1.1 200 OK
Content-Length: 882
Content-Type: application/json; charset=utf-8
cache-control: no-cache

23:53:01.937 [AsyncHttpClient-1-8] DEBUG org.asynchttpclient.netty.channel.ChannelManager - Adding key: http://localhost:9723 for channel [id: 0x702611d9, L:/127.0.0.1:63255 - R:localhost/127.0.0.1:9723]
23:53:01.949 [AsyncHttpClient-1-9] DEBUG org.asynchttpclient.netty.channel.NettyConnectListener - Using new Channel '[id: 0x087c6190, L:/127.0.0.1:63262 - R:localhost/127.0.0.1:63256]' for 'GET' to '/json/version'
23:53:01.953 [AsyncHttpClient-1-9] DEBUG org.asynchttpclient.netty.handler.HttpHandler - 

Request DefaultFullHttpRequest(decodeResult: success, version: HTTP/1.1, content: EmptyByteBufBE)
GET /json/version HTTP/1.1
User-Agent: selenium/4.13.0 (java windows)
host: localhost:63256
accept: */*

Response DefaultHttpResponse(decodeResult: success, version: HTTP/1.1)
HTTP/1.1 200 OK
Content-Security-Policy: frame-ancestors 'none'
Content-Length: 423
Content-Type: application/json; charset=UTF-8

23:53:01.954 [AsyncHttpClient-1-9] DEBUG org.asynchttpclient.netty.channel.ChannelManager - Adding key: http://localhost:63256 for channel [id: 0x087c6190, L:/127.0.0.1:63262 - R:localhost/127.0.0.1:63256]
23:53:01.957 [AsyncHttpClient-1-2] DEBUG org.asynchttpclient.netty.channel.NettyConnectListener - Using new Channel '[id: 0xdb8ae5c7, L:/127.0.0.1:63263 - R:localhost/127.0.0.1:63256]' for 'GET' to '/devtools/browser/73fd1f4a-1f0e-4393-a117-a2a590136f1d'
23:53:01.958 [AsyncHttpClient-1-2] DEBUG org.asynchttpclient.netty.handler.WebSocketHandler - 

Request DefaultFullHttpRequest(decodeResult: success, version: HTTP/1.1, content: EmptyByteBufBE)
GET /devtools/browser/73fd1f4a-1f0e-4393-a117-a2a590136f1d HTTP/1.1
upgrade: websocket
connection: upgrade
sec-websocket-key: XfRdQ7pPGAKQ8DLURuHUzA==
sec-websocket-version: 13
origin: http://localhost:63256
host: localhost:63256
accept: */*
user-agent: AHC/2.1

Response DefaultHttpResponse(decodeResult: success, version: HTTP/1.1)
HTTP/1.1 101 WebSocket Protocol Handshake
Upgrade: WebSocket
Connection: Upgrade
Sec-WebSocket-Accept: gO03ny4fEEQxZGHpAdswxJ277K0=

23:53:01.964 [Forwarding maximizeCurrentWindow on session fc83345fc4f484402ac82947df2480c2 to remote] DEBUG org.asynchttpclient.netty.request.NettyRequestSender - Using pooled Channel '[id: 0x702611d9, L:/127.0.0.1:63255 - R:localhost/127.0.0.1:9723]' for 'POST' to 'http://localhost:9723/session/fc83345fc4f484402ac82947df2480c2/window/maximize'
23:53:01.965 [Forwarding maximizeCurrentWindow on session fc83345fc4f484402ac82947df2480c2 to remote] DEBUG org.asynchttpclient.netty.request.NettyRequestSender - Using open Channel [id: 0x702611d9, L:/127.0.0.1:63255 - R:localhost/127.0.0.1:9723] for POST '/session/fc83345fc4f484402ac82947df2480c2/window/maximize'
23:53:02.028 [AsyncHttpClient-1-8] DEBUG org.asynchttpclient.netty.handler.HttpHandler - 

Request DefaultHttpRequest(decodeResult: success, version: HTTP/1.1)
POST /session/fc83345fc4f484402ac82947df2480c2/window/maximize HTTP/1.1
User-Agent: selenium/4.13.0 (java windows)
Content-Length: 3
Content-Type: application/json; charset=utf-8
host: localhost:9723
accept: */*

Response DefaultHttpResponse(decodeResult: success, version: HTTP/1.1)
HTTP/1.1 200 OK
Content-Length: 51
Content-Type: application/json; charset=utf-8
cache-control: no-cache

23:53:02.028 [AsyncHttpClient-1-8] DEBUG org.asynchttpclient.netty.channel.ChannelManager - Adding key: http://localhost:9723 for channel [id: 0x702611d9, L:/127.0.0.1:63255 - R:localhost/127.0.0.1:9723]
23:53:02.033 [Forwarding get on session fc83345fc4f484402ac82947df2480c2 to remote] DEBUG org.asynchttpclient.netty.request.NettyRequestSender - Using pooled Channel '[id: 0x702611d9, L:/127.0.0.1:63255 - R:localhost/127.0.0.1:9723]' for 'POST' to 'http://localhost:9723/session/fc83345fc4f484402ac82947df2480c2/url'
23:53:02.034 [Forwarding get on session fc83345fc4f484402ac82947df2480c2 to remote] DEBUG org.asynchttpclient.netty.request.NettyRequestSender - Using open Channel [id: 0x702611d9, L:/127.0.0.1:63255 - R:localhost/127.0.0.1:9723] for POST '/session/fc83345fc4f484402ac82947df2480c2/url'
23:53:02.484 [AsyncHttpClient-1-1] DEBUG org.asynchttpclient.netty.channel.DefaultChannelPool - Entry count for : http://localhost:63256 : 1
23:53:03.585 [AsyncHttpClient-1-1] DEBUG org.asynchttpclient.netty.channel.DefaultChannelPool - Entry count for : http://localhost:63256 : 1
23:53:04.333 [AsyncHttpClient-1-8] DEBUG org.asynchttpclient.netty.handler.HttpHandler - 

Request DefaultHttpRequest(decodeResult: success, version: HTTP/1.1)
POST /session/fc83345fc4f484402ac82947df2480c2/url HTTP/1.1
User-Agent: selenium/4.13.0 (java windows)
Content-Length: 52
Content-Type: application/json; charset=utf-8
host: localhost:9723
accept: */*

Response DefaultHttpResponse(decodeResult: success, version: HTTP/1.1)
HTTP/1.1 200 OK
Content-Length: 14
Content-Type: application/json; charset=utf-8
cache-control: no-cache

23:53:04.334 [AsyncHttpClient-1-8] DEBUG org.asynchttpclient.netty.channel.ChannelManager - Adding key: http://localhost:9723 for channel [id: 0x702611d9, L:/127.0.0.1:63255 - R:localhost/127.0.0.1:9723]
23:53:04.338 [Forwarding setTimeout on session fc83345fc4f484402ac82947df2480c2 to remote] DEBUG org.asynchttpclient.netty.request.NettyRequestSender - Using pooled Channel '[id: 0x702611d9, L:/127.0.0.1:63255 - R:localhost/127.0.0.1:9723]' for 'POST' to 'http://localhost:9723/session/fc83345fc4f484402ac82947df2480c2/timeouts'
23:53:04.339 [Forwarding setTimeout on session fc83345fc4f484402ac82947df2480c2 to remote] DEBUG org.asynchttpclient.netty.request.NettyRequestSender - Using open Channel [id: 0x702611d9, L:/127.0.0.1:63255 - R:localhost/127.0.0.1:9723] for POST '/session/fc83345fc4f484402ac82947df2480c2/timeouts'
23:53:04.342 [AsyncHttpClient-1-8] DEBUG org.asynchttpclient.netty.handler.HttpHandler - 

Request DefaultHttpRequest(decodeResult: success, version: HTTP/1.1)
POST /session/fc83345fc4f484402ac82947df2480c2/timeouts HTTP/1.1
User-Agent: selenium/4.13.0 (java windows)
Content-Length: 23
Content-Type: application/json; charset=utf-8
host: localhost:9723
accept: */*

Response DefaultHttpResponse(decodeResult: success, version: HTTP/1.1)
HTTP/1.1 200 OK
Content-Length: 14
Content-Type: application/json; charset=utf-8
cache-control: no-cache

23:53:04.342 [AsyncHttpClient-1-8] DEBUG org.asynchttpclient.netty.channel.ChannelManager - Adding key: http://localhost:9723 for channel [id: 0x702611d9, L:/127.0.0.1:63255 - R:localhost/127.0.0.1:9723]
23:53:04.353 [Forwarding findElement on session fc83345fc4f484402ac82947df2480c2 to remote] DEBUG org.asynchttpclient.netty.request.NettyRequestSender - Using pooled Channel '[id: 0x702611d9, L:/127.0.0.1:63255 - R:localhost/127.0.0.1:9723]' for 'POST' to 'http://localhost:9723/session/fc83345fc4f484402ac82947df2480c2/element'
23:53:04.354 [Forwarding findElement on session fc83345fc4f484402ac82947df2480c2 to remote] DEBUG org.asynchttpclient.netty.request.NettyRequestSender - Using open Channel [id: 0x702611d9, L:/127.0.0.1:63255 - R:localhost/127.0.0.1:9723] for POST '/session/fc83345fc4f484402ac82947df2480c2/element'
23:53:04.822 [AsyncHttpClient-1-1] DEBUG org.asynchttpclient.netty.channel.DefaultChannelPool - Entry count for : http://localhost:63256 : 1
23:53:05.408 [AsyncHttpClient-1-8] DEBUG org.asynchttpclient.netty.handler.HttpHandler - 

Request DefaultHttpRequest(decodeResult: success, version: HTTP/1.1)
POST /session/fc83345fc4f484402ac82947df2480c2/element HTTP/1.1
User-Agent: selenium/4.13.0 (java windows)
Content-Length: 64
Content-Type: application/json; charset=utf-8
host: localhost:9723
accept: */*

Response DefaultHttpResponse(decodeResult: success, version: HTTP/1.1)
HTTP/1.1 200 OK
Content-Length: 126
Content-Type: application/json; charset=utf-8
cache-control: no-cache

23:53:05.408 [AsyncHttpClient-1-8] DEBUG org.asynchttpclient.netty.channel.ChannelManager - Adding key: http://localhost:9723 for channel [id: 0x702611d9, L:/127.0.0.1:63255 - R:localhost/127.0.0.1:9723]
23:53:05.410 [Forwarding sendKeysToElement on session fc83345fc4f484402ac82947df2480c2 to remote] DEBUG org.asynchttpclient.netty.request.NettyRequestSender - Using pooled Channel '[id: 0x702611d9, L:/127.0.0.1:63255 - R:localhost/127.0.0.1:9723]' for 'POST' to 'http://localhost:9723/session/fc83345fc4f484402ac82947df2480c2/element/f.DD1DA3C98DFAFAC4BC6419D28C9D7838.d.9A99129276C3A59440E1B1FB1B0DD6EB.e.41/value'
23:53:05.411 [Forwarding sendKeysToElement on session fc83345fc4f484402ac82947df2480c2 to remote] DEBUG org.asynchttpclient.netty.request.NettyRequestSender - Using open Channel [id: 0x702611d9, L:/127.0.0.1:63255 - R:localhost/127.0.0.1:9723] for POST '/session/fc83345fc4f484402ac82947df2480c2/element/f.DD1DA3C98DFAFAC4BC6419D28C9D7838.d.9A99129276C3A59440E1B1FB1B0DD6EB.e.41/value'
23:53:05.900 [AsyncHttpClient-1-1] DEBUG org.asynchttpclient.netty.channel.DefaultChannelPool - Entry count for : http://localhost:63256 : 1
23:53:06.676 [AsyncHttpClient-1-8] DEBUG org.asynchttpclient.netty.handler.HttpHandler - 

Request DefaultHttpRequest(decodeResult: success, version: HTTP/1.1)
POST /session/fc83345fc4f484402ac82947df2480c2/element/f.DD1DA3C98DFAFAC4BC6419D28C9D7838.d.9A99129276C3A59440E1B1FB1B0DD6EB.e.41/value HTTP/1.1
User-Agent: selenium/4.13.0 (java windows)
Content-Length: 169
Content-Type: application/json; charset=utf-8
host: localhost:9723
accept: */*

Response DefaultHttpResponse(decodeResult: success, version: HTTP/1.1)
HTTP/1.1 200 OK
Content-Length: 14
Content-Type: application/json; charset=utf-8
cache-control: no-cache

23:53:06.677 [AsyncHttpClient-1-8] DEBUG org.asynchttpclient.netty.channel.ChannelManager - Adding key: http://localhost:9723 for channel [id: 0x702611d9, L:/127.0.0.1:63255 - R:localhost/127.0.0.1:9723]
23:53:06.693 [Forwarding findElement on session fc83345fc4f484402ac82947df2480c2 to remote] DEBUG org.asynchttpclient.netty.request.NettyRequestSender - Using pooled Channel '[id: 0x702611d9, L:/127.0.0.1:63255 - R:localhost/127.0.0.1:9723]' for 'POST' to 'http://localhost:9723/session/fc83345fc4f484402ac82947df2480c2/element'
23:53:06.693 [Forwarding findElement on session fc83345fc4f484402ac82947df2480c2 to remote] DEBUG org.asynchttpclient.netty.request.NettyRequestSender - Using open Channel [id: 0x702611d9, L:/127.0.0.1:63255 - R:localhost/127.0.0.1:9723] for POST '/session/fc83345fc4f484402ac82947df2480c2/element'
23:53:06.812 [AsyncHttpClient-1-8] DEBUG org.asynchttpclient.netty.handler.HttpHandler - 

Request DefaultHttpRequest(decodeResult: success, version: HTTP/1.1)
POST /session/fc83345fc4f484402ac82947df2480c2/element HTTP/1.1
User-Agent: selenium/4.13.0 (java windows)
Content-Length: 64
Content-Type: application/json; charset=utf-8
host: localhost:9723
accept: */*

Response DefaultHttpResponse(decodeResult: success, version: HTTP/1.1)
HTTP/1.1 200 OK
Content-Length: 126
Content-Type: application/json; charset=utf-8
cache-control: no-cache

23:53:06.813 [AsyncHttpClient-1-8] DEBUG org.asynchttpclient.netty.channel.ChannelManager - Adding key: http://localhost:9723 for channel [id: 0x702611d9, L:/127.0.0.1:63255 - R:localhost/127.0.0.1:9723]
23:53:06.822 [Forwarding submitElement on session fc83345fc4f484402ac82947df2480c2 to remote] DEBUG org.asynchttpclient.netty.request.NettyRequestSender - Using pooled Channel '[id: 0x702611d9, L:/127.0.0.1:63255 - R:localhost/127.0.0.1:9723]' for 'POST' to 'http://localhost:9723/session/fc83345fc4f484402ac82947df2480c2/execute/sync'
23:53:06.822 [Forwarding submitElement on session fc83345fc4f484402ac82947df2480c2 to remote] DEBUG org.asynchttpclient.netty.request.NettyRequestSender - Using open Channel [id: 0x702611d9, L:/127.0.0.1:63255 - R:localhost/127.0.0.1:9723] for POST '/session/fc83345fc4f484402ac82947df2480c2/execute/sync'
23:53:06.993 [AsyncHttpClient-1-1] DEBUG org.asynchttpclient.netty.channel.DefaultChannelPool - Entry count for : http://localhost:63256 : 1
23:53:08.106 [AsyncHttpClient-1-1] DEBUG org.asynchttpclient.netty.channel.DefaultChannelPool - Entry count for : http://localhost:63256 : 1
23:53:09.205 [AsyncHttpClient-1-1] DEBUG org.asynchttpclient.netty.channel.DefaultChannelPool - Entry count for : http://localhost:63256 : 1
23:53:10.301 [AsyncHttpClient-1-1] DEBUG org.asynchttpclient.netty.channel.DefaultChannelPool - Entry count for : http://localhost:63256 : 1
23:53:11.011 [AsyncHttpClient-1-8] DEBUG org.asynchttpclient.netty.handler.HttpHandler - 

Request DefaultHttpRequest(decodeResult: success, version: HTTP/1.1)
POST /session/fc83345fc4f484402ac82947df2480c2/execute/sync HTTP/1.1
User-Agent: selenium/4.13.0 (java windows)
Content-Length: 627
Content-Type: application/json; charset=utf-8
host: localhost:9723
accept: */*

Response DefaultHttpResponse(decodeResult: success, version: HTTP/1.1)
HTTP/1.1 200 OK
Content-Length: 14
Content-Type: application/json; charset=utf-8
cache-control: no-cache

23:53:11.012 [AsyncHttpClient-1-8] DEBUG org.asynchttpclient.netty.channel.ChannelManager - Adding key: http://localhost:9723 for channel [id: 0x702611d9, L:/127.0.0.1:63255 - R:localhost/127.0.0.1:9723]
]]></system-out>
    <system-err><![CDATA[Sep 23, 2024 11:53:01 PM org.openqa.selenium.devtools.CdpVersionFinder findNearestMatch
WARNING: Unable to find CDP implementation matching 129
Sep 23, 2024 11:53:01 PM org.openqa.selenium.chromium.ChromiumDriver lambda$new$5
WARNING: Unable to find version of CDP to use for 129.0.6668.58. You may need to include a dependency on a specific version of the CDP using something similar to `org.seleniumhq.selenium:selenium-devtools-v86:4.13.0` where the version ("v86") matches the version of the chromium-based browser you're using and the version number of the artifact is the same as Selenium's.
]]></system-err>
  </testcase>
  <testcase name="searchFuncationality[watch](4)" classname="com.bis.testexceution.AmazonSearach" time="9.033">
    <system-out><![CDATA[23:53:11.021 [AsyncHttpClient-1-2] DEBUG org.asynchttpclient.netty.handler.WebSocketHandler - Channel Closed: [id: 0xdb8ae5c7, L:/127.0.0.1:63263 ! R:localhost/127.0.0.1:63256] with attribute DISCARD
23:53:11.055 [Driver Command Executor] DEBUG org.asynchttpclient.netty.request.NettyRequestSender - Using pooled Channel '[id: 0x702611d9, L:/127.0.0.1:63255 - R:localhost/127.0.0.1:9723]' for 'DELETE' to 'http://localhost:9723/session/fc83345fc4f484402ac82947df2480c2'
23:53:11.055 [Driver Command Executor] DEBUG org.asynchttpclient.netty.request.NettyRequestSender - Using open Channel [id: 0x702611d9, L:/127.0.0.1:63255 - R:localhost/127.0.0.1:9723] for DELETE '/session/fc83345fc4f484402ac82947df2480c2'
23:53:11.237 [AsyncHttpClient-1-9] DEBUG org.asynchttpclient.netty.handler.HttpHandler - Unexpected I/O exception on channel [id: 0x087c6190, L:/127.0.0.1:63262 - R:localhost/127.0.0.1:63256]
java.net.SocketException: Connection reset
	at java.base/sun.nio.ch.SocketChannelImpl.throwConnectionReset(SocketChannelImpl.java:394)
	at java.base/sun.nio.ch.SocketChannelImpl.read(SocketChannelImpl.java:426)
	at io.netty.buffer.PooledByteBuf.setBytes(PooledByteBuf.java:254)
	at io.netty.buffer.AbstractByteBuf.writeBytes(AbstractByteBuf.java:1132)
	at io.netty.channel.socket.nio.NioSocketChannel.doReadBytes(NioSocketChannel.java:357)
	at io.netty.channel.nio.AbstractNioByteChannel$NioByteUnsafe.read(AbstractNioByteChannel.java:151)
	at io.netty.channel.nio.NioEventLoop.processSelectedKey(NioEventLoop.java:788)
	at io.netty.channel.nio.NioEventLoop.processSelectedKeysOptimized(NioEventLoop.java:724)
	at io.netty.channel.nio.NioEventLoop.processSelectedKeys(NioEventLoop.java:650)
	at io.netty.channel.nio.NioEventLoop.run(NioEventLoop.java:562)
	at io.netty.util.concurrent.SingleThreadEventExecutor$4.run(SingleThreadEventExecutor.java:997)
	at io.netty.util.internal.ThreadExecutorMap$2.run(ThreadExecutorMap.java:74)
	at io.netty.util.concurrent.FastThreadLocalRunnable.run(FastThreadLocalRunnable.java:30)
	at java.base/java.lang.Thread.run(Thread.java:842)
23:53:11.237 [AsyncHttpClient-1-9] DEBUG org.asynchttpclient.netty.channel.ChannelManager - Closing Channel [id: 0x087c6190, L:/127.0.0.1:63262 - R:localhost/127.0.0.1:63256] 
23:53:11.238 [AsyncHttpClient-1-9] DEBUG org.asynchttpclient.netty.handler.HttpHandler - Channel Closed: [id: 0x087c6190, L:/127.0.0.1:63262 ! R:localhost/127.0.0.1:63256] with attribute DISCARD
23:53:11.268 [AsyncHttpClient-1-8] DEBUG org.asynchttpclient.netty.handler.HttpHandler - 

Request DefaultFullHttpRequest(decodeResult: success, version: HTTP/1.1, content: EmptyByteBufBE)
DELETE /session/fc83345fc4f484402ac82947df2480c2 HTTP/1.1
User-Agent: selenium/4.13.0 (java windows)
Content-Type: application/json; charset=utf-8
host: localhost:9723
accept: */*

Response DefaultHttpResponse(decodeResult: success, version: HTTP/1.1)
HTTP/1.1 200 OK
Content-Length: 14
Content-Type: application/json; charset=utf-8
cache-control: no-cache

23:53:11.269 [AsyncHttpClient-1-8] DEBUG org.asynchttpclient.netty.channel.ChannelManager - Adding key: http://localhost:9723 for channel [id: 0x702611d9, L:/127.0.0.1:63255 - R:localhost/127.0.0.1:9723]
23:53:11.390 [AsyncHttpClient-1-1] DEBUG org.asynchttpclient.netty.channel.DefaultChannelPool - Entry count for : http://localhost:63256 : 1
23:53:11.390 [AsyncHttpClient-1-1] DEBUG org.asynchttpclient.netty.channel.DefaultChannelPool - Entry count for : http://localhost:9723 : 1
23:53:11.390 [AsyncHttpClient-1-1] DEBUG org.asynchttpclient.netty.channel.DefaultChannelPool - Adding Candidate expired Channel [id: 0x087c6190, L:/127.0.0.1:63262 ! R:localhost/127.0.0.1:63256] isIdleTimeoutExpired=false isRemotelyClosed=true isTtlExpired=false
23:53:11.390 [AsyncHttpClient-1-1] DEBUG org.asynchttpclient.netty.channel.DefaultChannelPool - Closing Idle Channel [id: 0x087c6190, L:/127.0.0.1:63262 ! R:localhost/127.0.0.1:63256]
23:53:11.390 [AsyncHttpClient-1-1] DEBUG org.asynchttpclient.netty.channel.DefaultChannelPool - Closed 1 connections out of 2 in 0 ms
23:53:11.392 [AsyncHttpClient-1-8] DEBUG org.asynchttpclient.netty.handler.HttpHandler - Channel Closed: [id: 0x702611d9, L:/127.0.0.1:63255 ! R:localhost/127.0.0.1:9723] with attribute DISCARD
23:53:12.065 [AsyncHttpClient-1-3] DEBUG org.asynchttpclient.netty.channel.NettyConnectListener - Using new Channel '[id: 0xf7894114, L:/127.0.0.1:63358 - R:localhost/127.0.0.1:32338]' for 'POST' to '/session'
23:53:12.499 [AsyncHttpClient-1-1] DEBUG org.asynchttpclient.netty.channel.DefaultChannelPool - Entry count for : http://localhost:9723 : 1
23:53:12.499 [AsyncHttpClient-1-1] DEBUG org.asynchttpclient.netty.channel.DefaultChannelPool - Adding Candidate expired Channel [id: 0x702611d9, L:/127.0.0.1:63255 ! R:localhost/127.0.0.1:9723] isIdleTimeoutExpired=false isRemotelyClosed=true isTtlExpired=false
23:53:12.500 [AsyncHttpClient-1-1] DEBUG org.asynchttpclient.netty.channel.DefaultChannelPool - Closing Idle Channel [id: 0x702611d9, L:/127.0.0.1:63255 ! R:localhost/127.0.0.1:9723]
23:53:12.500 [AsyncHttpClient-1-1] DEBUG org.asynchttpclient.netty.channel.DefaultChannelPool - Closed 1 connections out of 1 in 1 ms
23:53:13.347 [AsyncHttpClient-1-3] DEBUG org.asynchttpclient.netty.handler.HttpHandler - 

Request DefaultHttpRequest(decodeResult: success, version: HTTP/1.1)
POST /session HTTP/1.1
User-Agent: selenium/4.13.0 (java windows)
Content-Length: 336
Content-Type: application/json; charset=utf-8
host: localhost:32338
accept: */*

Response DefaultHttpResponse(decodeResult: success, version: HTTP/1.1)
HTTP/1.1 200 OK
Content-Length: 881
Content-Type: application/json; charset=utf-8
cache-control: no-cache

23:53:13.350 [AsyncHttpClient-1-3] DEBUG org.asynchttpclient.netty.channel.ChannelManager - Adding key: http://localhost:32338 for channel [id: 0xf7894114, L:/127.0.0.1:63358 - R:localhost/127.0.0.1:32338]
23:53:13.373 [AsyncHttpClient-1-4] DEBUG org.asynchttpclient.netty.channel.NettyConnectListener - Using new Channel '[id: 0x2b317002, L:/127.0.0.1:63365 - R:localhost/127.0.0.1:63359]' for 'GET' to '/json/version'
23:53:13.375 [AsyncHttpClient-1-4] DEBUG org.asynchttpclient.netty.handler.HttpHandler - 

Request DefaultFullHttpRequest(decodeResult: success, version: HTTP/1.1, content: EmptyByteBufBE)
GET /json/version HTTP/1.1
User-Agent: selenium/4.13.0 (java windows)
host: localhost:63359
accept: */*

Response DefaultHttpResponse(decodeResult: success, version: HTTP/1.1)
HTTP/1.1 200 OK
Content-Security-Policy: frame-ancestors 'none'
Content-Length: 423
Content-Type: application/json; charset=UTF-8

23:53:13.375 [AsyncHttpClient-1-4] DEBUG org.asynchttpclient.netty.channel.ChannelManager - Adding key: http://localhost:63359 for channel [id: 0x2b317002, L:/127.0.0.1:63365 - R:localhost/127.0.0.1:63359]
23:53:13.387 [AsyncHttpClient-1-5] DEBUG org.asynchttpclient.netty.channel.NettyConnectListener - Using new Channel '[id: 0x4c6d7752, L:/127.0.0.1:63366 - R:localhost/127.0.0.1:63359]' for 'GET' to '/devtools/browser/c20b8db9-5ab3-432a-b5a6-8949bfbc3806'
23:53:13.388 [AsyncHttpClient-1-5] DEBUG org.asynchttpclient.netty.handler.WebSocketHandler - 

Request DefaultFullHttpRequest(decodeResult: success, version: HTTP/1.1, content: EmptyByteBufBE)
GET /devtools/browser/c20b8db9-5ab3-432a-b5a6-8949bfbc3806 HTTP/1.1
upgrade: websocket
connection: upgrade
sec-websocket-key: dtbdeOLc/yIpaFEyya3t2Q==
sec-websocket-version: 13
origin: http://localhost:63359
host: localhost:63359
accept: */*
user-agent: AHC/2.1

Response DefaultHttpResponse(decodeResult: success, version: HTTP/1.1)
HTTP/1.1 101 WebSocket Protocol Handshake
Upgrade: WebSocket
Connection: Upgrade
Sec-WebSocket-Accept: IJ0t02CfcjTWzui6w9rvtPLTtLc=

23:53:13.411 [Forwarding maximizeCurrentWindow on session 048cb26843c631fd744172a32bfe02ec to remote] DEBUG org.asynchttpclient.netty.request.NettyRequestSender - Using pooled Channel '[id: 0xf7894114, L:/127.0.0.1:63358 - R:localhost/127.0.0.1:32338]' for 'POST' to 'http://localhost:32338/session/048cb26843c631fd744172a32bfe02ec/window/maximize'
23:53:13.411 [Forwarding maximizeCurrentWindow on session 048cb26843c631fd744172a32bfe02ec to remote] DEBUG org.asynchttpclient.netty.request.NettyRequestSender - Using open Channel [id: 0xf7894114, L:/127.0.0.1:63358 - R:localhost/127.0.0.1:32338] for POST '/session/048cb26843c631fd744172a32bfe02ec/window/maximize'
23:53:13.601 [AsyncHttpClient-1-1] DEBUG org.asynchttpclient.netty.channel.DefaultChannelPool - Entry count for : http://localhost:63359 : 1
23:53:13.638 [AsyncHttpClient-1-3] DEBUG org.asynchttpclient.netty.handler.HttpHandler - 

Request DefaultHttpRequest(decodeResult: success, version: HTTP/1.1)
POST /session/048cb26843c631fd744172a32bfe02ec/window/maximize HTTP/1.1
User-Agent: selenium/4.13.0 (java windows)
Content-Length: 3
Content-Type: application/json; charset=utf-8
host: localhost:32338
accept: */*

Response DefaultHttpResponse(decodeResult: success, version: HTTP/1.1)
HTTP/1.1 200 OK
Content-Length: 51
Content-Type: application/json; charset=utf-8
cache-control: no-cache

23:53:13.638 [AsyncHttpClient-1-3] DEBUG org.asynchttpclient.netty.channel.ChannelManager - Adding key: http://localhost:32338 for channel [id: 0xf7894114, L:/127.0.0.1:63358 - R:localhost/127.0.0.1:32338]
23:53:13.642 [Forwarding get on session 048cb26843c631fd744172a32bfe02ec to remote] DEBUG org.asynchttpclient.netty.request.NettyRequestSender - Using pooled Channel '[id: 0xf7894114, L:/127.0.0.1:63358 - R:localhost/127.0.0.1:32338]' for 'POST' to 'http://localhost:32338/session/048cb26843c631fd744172a32bfe02ec/url'
23:53:13.642 [Forwarding get on session 048cb26843c631fd744172a32bfe02ec to remote] DEBUG org.asynchttpclient.netty.request.NettyRequestSender - Using open Channel [id: 0xf7894114, L:/127.0.0.1:63358 - R:localhost/127.0.0.1:32338] for POST '/session/048cb26843c631fd744172a32bfe02ec/url'
23:53:13.975 [AsyncHttpClient-1-3] DEBUG org.asynchttpclient.netty.handler.HttpHandler - 

Request DefaultHttpRequest(decodeResult: success, version: HTTP/1.1)
POST /session/048cb26843c631fd744172a32bfe02ec/url HTTP/1.1
User-Agent: selenium/4.13.0 (java windows)
Content-Length: 52
Content-Type: application/json; charset=utf-8
host: localhost:32338
accept: */*

Response DefaultHttpResponse(decodeResult: success, version: HTTP/1.1)
HTTP/1.1 200 OK
Content-Length: 14
Content-Type: application/json; charset=utf-8
cache-control: no-cache

23:53:13.975 [AsyncHttpClient-1-3] DEBUG org.asynchttpclient.netty.channel.ChannelManager - Adding key: http://localhost:32338 for channel [id: 0xf7894114, L:/127.0.0.1:63358 - R:localhost/127.0.0.1:32338]
23:53:13.977 [Forwarding setTimeout on session 048cb26843c631fd744172a32bfe02ec to remote] DEBUG org.asynchttpclient.netty.request.NettyRequestSender - Using pooled Channel '[id: 0xf7894114, L:/127.0.0.1:63358 - R:localhost/127.0.0.1:32338]' for 'POST' to 'http://localhost:32338/session/048cb26843c631fd744172a32bfe02ec/timeouts'
23:53:13.977 [Forwarding setTimeout on session 048cb26843c631fd744172a32bfe02ec to remote] DEBUG org.asynchttpclient.netty.request.NettyRequestSender - Using open Channel [id: 0xf7894114, L:/127.0.0.1:63358 - R:localhost/127.0.0.1:32338] for POST '/session/048cb26843c631fd744172a32bfe02ec/timeouts'
23:53:13.994 [AsyncHttpClient-1-3] DEBUG org.asynchttpclient.netty.handler.HttpHandler - 

Request DefaultHttpRequest(decodeResult: success, version: HTTP/1.1)
POST /session/048cb26843c631fd744172a32bfe02ec/timeouts HTTP/1.1
User-Agent: selenium/4.13.0 (java windows)
Content-Length: 23
Content-Type: application/json; charset=utf-8
host: localhost:32338
accept: */*

Response DefaultHttpResponse(decodeResult: success, version: HTTP/1.1)
HTTP/1.1 200 OK
Content-Length: 14
Content-Type: application/json; charset=utf-8
cache-control: no-cache

23:53:13.995 [AsyncHttpClient-1-3] DEBUG org.asynchttpclient.netty.channel.ChannelManager - Adding key: http://localhost:32338 for channel [id: 0xf7894114, L:/127.0.0.1:63358 - R:localhost/127.0.0.1:32338]
23:53:14.003 [Forwarding findElement on session 048cb26843c631fd744172a32bfe02ec to remote] DEBUG org.asynchttpclient.netty.request.NettyRequestSender - Using pooled Channel '[id: 0xf7894114, L:/127.0.0.1:63358 - R:localhost/127.0.0.1:32338]' for 'POST' to 'http://localhost:32338/session/048cb26843c631fd744172a32bfe02ec/element'
23:53:14.003 [Forwarding findElement on session 048cb26843c631fd744172a32bfe02ec to remote] DEBUG org.asynchttpclient.netty.request.NettyRequestSender - Using open Channel [id: 0xf7894114, L:/127.0.0.1:63358 - R:localhost/127.0.0.1:32338] for POST '/session/048cb26843c631fd744172a32bfe02ec/element'
23:53:14.758 [AsyncHttpClient-1-1] DEBUG org.asynchttpclient.netty.channel.DefaultChannelPool - Entry count for : http://localhost:63359 : 1
23:53:15.782 [AsyncHttpClient-1-1] DEBUG org.asynchttpclient.netty.channel.DefaultChannelPool - Entry count for : http://localhost:63359 : 1
23:53:16.854 [AsyncHttpClient-1-3] DEBUG org.asynchttpclient.netty.handler.HttpHandler - 

Request DefaultHttpRequest(decodeResult: success, version: HTTP/1.1)
POST /session/048cb26843c631fd744172a32bfe02ec/element HTTP/1.1
User-Agent: selenium/4.13.0 (java windows)
Content-Length: 64
Content-Type: application/json; charset=utf-8
host: localhost:32338
accept: */*

Response DefaultHttpResponse(decodeResult: success, version: HTTP/1.1)
HTTP/1.1 200 OK
Content-Length: 126
Content-Type: application/json; charset=utf-8
cache-control: no-cache

23:53:16.855 [AsyncHttpClient-1-3] DEBUG org.asynchttpclient.netty.channel.ChannelManager - Adding key: http://localhost:32338 for channel [id: 0xf7894114, L:/127.0.0.1:63358 - R:localhost/127.0.0.1:32338]
23:53:16.858 [Forwarding sendKeysToElement on session 048cb26843c631fd744172a32bfe02ec to remote] DEBUG org.asynchttpclient.netty.request.NettyRequestSender - Using pooled Channel '[id: 0xf7894114, L:/127.0.0.1:63358 - R:localhost/127.0.0.1:32338]' for 'POST' to 'http://localhost:32338/session/048cb26843c631fd744172a32bfe02ec/element/f.15AF128A43CE8086F0FA2A26998DA22A.d.0303AEC95817EA7B4C0744C0F3E33500.e.39/value'
23:53:16.858 [Forwarding sendKeysToElement on session 048cb26843c631fd744172a32bfe02ec to remote] DEBUG org.asynchttpclient.netty.request.NettyRequestSender - Using open Channel [id: 0xf7894114, L:/127.0.0.1:63358 - R:localhost/127.0.0.1:32338] for POST '/session/048cb26843c631fd744172a32bfe02ec/element/f.15AF128A43CE8086F0FA2A26998DA22A.d.0303AEC95817EA7B4C0744C0F3E33500.e.39/value'
23:53:16.888 [AsyncHttpClient-1-1] DEBUG org.asynchttpclient.netty.channel.DefaultChannelPool - Entry count for : http://localhost:63359 : 1
23:53:17.992 [AsyncHttpClient-1-1] DEBUG org.asynchttpclient.netty.channel.DefaultChannelPool - Entry count for : http://localhost:63359 : 1
23:53:18.771 [AsyncHttpClient-1-3] DEBUG org.asynchttpclient.netty.handler.HttpHandler - 

Request DefaultHttpRequest(decodeResult: success, version: HTTP/1.1)
POST /session/048cb26843c631fd744172a32bfe02ec/element/f.15AF128A43CE8086F0FA2A26998DA22A.d.0303AEC95817EA7B4C0744C0F3E33500.e.39/value HTTP/1.1
User-Agent: selenium/4.13.0 (java windows)
Content-Length: 169
Content-Type: application/json; charset=utf-8
host: localhost:32338
accept: */*

Response DefaultHttpResponse(decodeResult: success, version: HTTP/1.1)
HTTP/1.1 200 OK
Content-Length: 14
Content-Type: application/json; charset=utf-8
cache-control: no-cache

23:53:18.771 [AsyncHttpClient-1-3] DEBUG org.asynchttpclient.netty.channel.ChannelManager - Adding key: http://localhost:32338 for channel [id: 0xf7894114, L:/127.0.0.1:63358 - R:localhost/127.0.0.1:32338]
23:53:18.774 [Forwarding findElement on session 048cb26843c631fd744172a32bfe02ec to remote] DEBUG org.asynchttpclient.netty.request.NettyRequestSender - Using pooled Channel '[id: 0xf7894114, L:/127.0.0.1:63358 - R:localhost/127.0.0.1:32338]' for 'POST' to 'http://localhost:32338/session/048cb26843c631fd744172a32bfe02ec/element'
23:53:18.774 [Forwarding findElement on session 048cb26843c631fd744172a32bfe02ec to remote] DEBUG org.asynchttpclient.netty.request.NettyRequestSender - Using open Channel [id: 0xf7894114, L:/127.0.0.1:63358 - R:localhost/127.0.0.1:32338] for POST '/session/048cb26843c631fd744172a32bfe02ec/element'
23:53:18.804 [AsyncHttpClient-1-3] DEBUG org.asynchttpclient.netty.handler.HttpHandler - 

Request DefaultHttpRequest(decodeResult: success, version: HTTP/1.1)
POST /session/048cb26843c631fd744172a32bfe02ec/element HTTP/1.1
User-Agent: selenium/4.13.0 (java windows)
Content-Length: 64
Content-Type: application/json; charset=utf-8
host: localhost:32338
accept: */*

Response DefaultHttpResponse(decodeResult: success, version: HTTP/1.1)
HTTP/1.1 200 OK
Content-Length: 126
Content-Type: application/json; charset=utf-8
cache-control: no-cache

23:53:18.805 [AsyncHttpClient-1-3] DEBUG org.asynchttpclient.netty.channel.ChannelManager - Adding key: http://localhost:32338 for channel [id: 0xf7894114, L:/127.0.0.1:63358 - R:localhost/127.0.0.1:32338]
23:53:18.807 [Forwarding submitElement on session 048cb26843c631fd744172a32bfe02ec to remote] DEBUG org.asynchttpclient.netty.request.NettyRequestSender - Using pooled Channel '[id: 0xf7894114, L:/127.0.0.1:63358 - R:localhost/127.0.0.1:32338]' for 'POST' to 'http://localhost:32338/session/048cb26843c631fd744172a32bfe02ec/execute/sync'
23:53:18.808 [Forwarding submitElement on session 048cb26843c631fd744172a32bfe02ec to remote] DEBUG org.asynchttpclient.netty.request.NettyRequestSender - Using open Channel [id: 0xf7894114, L:/127.0.0.1:63358 - R:localhost/127.0.0.1:32338] for POST '/session/048cb26843c631fd744172a32bfe02ec/execute/sync'
23:53:19.094 [AsyncHttpClient-1-1] DEBUG org.asynchttpclient.netty.channel.DefaultChannelPool - Entry count for : http://localhost:63359 : 1
23:53:20.189 [AsyncHttpClient-1-1] DEBUG org.asynchttpclient.netty.channel.DefaultChannelPool - Entry count for : http://localhost:63359 : 1
23:53:21.302 [AsyncHttpClient-1-1] DEBUG org.asynchttpclient.netty.channel.DefaultChannelPool - Entry count for : http://localhost:63359 : 1
23:53:22.388 [AsyncHttpClient-1-1] DEBUG org.asynchttpclient.netty.channel.DefaultChannelPool - Entry count for : http://localhost:63359 : 1
23:53:23.004 [AsyncHttpClient-1-3] DEBUG org.asynchttpclient.netty.handler.HttpHandler - 

Request DefaultHttpRequest(decodeResult: success, version: HTTP/1.1)
POST /session/048cb26843c631fd744172a32bfe02ec/execute/sync HTTP/1.1
User-Agent: selenium/4.13.0 (java windows)
Content-Length: 627
Content-Type: application/json; charset=utf-8
host: localhost:32338
accept: */*

Response DefaultHttpResponse(decodeResult: success, version: HTTP/1.1)
HTTP/1.1 200 OK
Content-Length: 14
Content-Type: application/json; charset=utf-8
cache-control: no-cache

23:53:23.004 [AsyncHttpClient-1-3] DEBUG org.asynchttpclient.netty.channel.ChannelManager - Adding key: http://localhost:32338 for channel [id: 0xf7894114, L:/127.0.0.1:63358 - R:localhost/127.0.0.1:32338]
]]></system-out>
    <system-err><![CDATA[Sep 23, 2024 11:53:13 PM org.openqa.selenium.devtools.CdpVersionFinder findNearestMatch
WARNING: Unable to find CDP implementation matching 129
Sep 23, 2024 11:53:13 PM org.openqa.selenium.chromium.ChromiumDriver lambda$new$5
WARNING: Unable to find version of CDP to use for 129.0.6668.58. You may need to include a dependency on a specific version of the CDP using something similar to `org.seleniumhq.selenium:selenium-devtools-v86:4.13.0` where the version ("v86") matches the version of the chromium-based browser you're using and the version number of the artifact is the same as Selenium's.
]]></system-err>
  </testcase>
  <testcase name="searchFuncationality[belt](5)" classname="com.bis.testexceution.AmazonSearach" time="6.436">
    <system-out><![CDATA[23:53:23.045 [AsyncHttpClient-1-5] DEBUG org.asynchttpclient.netty.handler.WebSocketHandler - Channel Closed: [id: 0x4c6d7752, L:/127.0.0.1:63366 ! R:localhost/127.0.0.1:63359] with attribute DISCARD
23:53:23.068 [Driver Command Executor] DEBUG org.asynchttpclient.netty.request.NettyRequestSender - Using pooled Channel '[id: 0xf7894114, L:/127.0.0.1:63358 - R:localhost/127.0.0.1:32338]' for 'DELETE' to 'http://localhost:32338/session/048cb26843c631fd744172a32bfe02ec'
23:53:23.068 [Driver Command Executor] DEBUG org.asynchttpclient.netty.request.NettyRequestSender - Using open Channel [id: 0xf7894114, L:/127.0.0.1:63358 - R:localhost/127.0.0.1:32338] for DELETE '/session/048cb26843c631fd744172a32bfe02ec'
23:53:23.342 [AsyncHttpClient-1-4] DEBUG org.asynchttpclient.netty.handler.HttpHandler - Unexpected I/O exception on channel [id: 0x2b317002, L:/127.0.0.1:63365 - R:localhost/127.0.0.1:63359]
java.net.SocketException: Connection reset
	at java.base/sun.nio.ch.SocketChannelImpl.throwConnectionReset(SocketChannelImpl.java:394)
	at java.base/sun.nio.ch.SocketChannelImpl.read(SocketChannelImpl.java:426)
	at io.netty.buffer.PooledByteBuf.setBytes(PooledByteBuf.java:254)
	at io.netty.buffer.AbstractByteBuf.writeBytes(AbstractByteBuf.java:1132)
	at io.netty.channel.socket.nio.NioSocketChannel.doReadBytes(NioSocketChannel.java:357)
	at io.netty.channel.nio.AbstractNioByteChannel$NioByteUnsafe.read(AbstractNioByteChannel.java:151)
	at io.netty.channel.nio.NioEventLoop.processSelectedKey(NioEventLoop.java:788)
	at io.netty.channel.nio.NioEventLoop.processSelectedKeysOptimized(NioEventLoop.java:724)
	at io.netty.channel.nio.NioEventLoop.processSelectedKeys(NioEventLoop.java:650)
	at io.netty.channel.nio.NioEventLoop.run(NioEventLoop.java:562)
	at io.netty.util.concurrent.SingleThreadEventExecutor$4.run(SingleThreadEventExecutor.java:997)
	at io.netty.util.internal.ThreadExecutorMap$2.run(ThreadExecutorMap.java:74)
	at io.netty.util.concurrent.FastThreadLocalRunnable.run(FastThreadLocalRunnable.java:30)
	at java.base/java.lang.Thread.run(Thread.java:842)
23:53:23.343 [AsyncHttpClient-1-4] DEBUG org.asynchttpclient.netty.channel.ChannelManager - Closing Channel [id: 0x2b317002, L:/127.0.0.1:63365 - R:localhost/127.0.0.1:63359] 
23:53:23.344 [AsyncHttpClient-1-4] DEBUG org.asynchttpclient.netty.handler.HttpHandler - Channel Closed: [id: 0x2b317002, L:/127.0.0.1:63365 ! R:localhost/127.0.0.1:63359] with attribute DISCARD
23:53:23.487 [AsyncHttpClient-1-1] DEBUG org.asynchttpclient.netty.channel.DefaultChannelPool - Entry count for : http://localhost:63359 : 1
23:53:23.488 [AsyncHttpClient-1-1] DEBUG org.asynchttpclient.netty.channel.DefaultChannelPool - Adding Candidate expired Channel [id: 0x2b317002, L:/127.0.0.1:63365 ! R:localhost/127.0.0.1:63359] isIdleTimeoutExpired=false isRemotelyClosed=true isTtlExpired=false
23:53:23.488 [AsyncHttpClient-1-1] DEBUG org.asynchttpclient.netty.channel.DefaultChannelPool - Closing Idle Channel [id: 0x2b317002, L:/127.0.0.1:63365 ! R:localhost/127.0.0.1:63359]
23:53:23.488 [AsyncHttpClient-1-1] DEBUG org.asynchttpclient.netty.channel.DefaultChannelPool - Closed 1 connections out of 1 in 1 ms
23:53:23.512 [AsyncHttpClient-1-3] DEBUG org.asynchttpclient.netty.handler.HttpHandler - 

Request DefaultFullHttpRequest(decodeResult: success, version: HTTP/1.1, content: EmptyByteBufBE)
DELETE /session/048cb26843c631fd744172a32bfe02ec HTTP/1.1
User-Agent: selenium/4.13.0 (java windows)
Content-Type: application/json; charset=utf-8
host: localhost:32338
accept: */*

Response DefaultHttpResponse(decodeResult: success, version: HTTP/1.1)
HTTP/1.1 200 OK
Content-Length: 14
Content-Type: application/json; charset=utf-8
cache-control: no-cache

23:53:23.513 [AsyncHttpClient-1-3] DEBUG org.asynchttpclient.netty.channel.ChannelManager - Adding key: http://localhost:32338 for channel [id: 0xf7894114, L:/127.0.0.1:63358 - R:localhost/127.0.0.1:32338]
23:53:23.721 [AsyncHttpClient-1-3] DEBUG org.asynchttpclient.netty.handler.HttpHandler - Channel Closed: [id: 0xf7894114, L:/127.0.0.1:63358 ! R:localhost/127.0.0.1:32338] with attribute DISCARD
23:53:24.599 [AsyncHttpClient-1-1] DEBUG org.asynchttpclient.netty.channel.DefaultChannelPool - Entry count for : http://localhost:32338 : 1
23:53:24.599 [AsyncHttpClient-1-1] DEBUG org.asynchttpclient.netty.channel.DefaultChannelPool - Adding Candidate expired Channel [id: 0xf7894114, L:/127.0.0.1:63358 ! R:localhost/127.0.0.1:32338] isIdleTimeoutExpired=false isRemotelyClosed=true isTtlExpired=false
23:53:24.599 [AsyncHttpClient-1-1] DEBUG org.asynchttpclient.netty.channel.DefaultChannelPool - Closing Idle Channel [id: 0xf7894114, L:/127.0.0.1:63358 ! R:localhost/127.0.0.1:32338]
23:53:24.599 [AsyncHttpClient-1-1] DEBUG org.asynchttpclient.netty.channel.DefaultChannelPool - Closed 1 connections out of 1 in 0 ms
23:53:24.688 [AsyncHttpClient-1-6] DEBUG org.asynchttpclient.netty.channel.NettyConnectListener - Using new Channel '[id: 0x7519a460, L:/127.0.0.1:63455 - R:localhost/127.0.0.1:26319]' for 'POST' to '/session'
23:53:25.791 [AsyncHttpClient-1-6] DEBUG org.asynchttpclient.netty.handler.HttpHandler - 

Request DefaultHttpRequest(decodeResult: success, version: HTTP/1.1)
POST /session HTTP/1.1
User-Agent: selenium/4.13.0 (java windows)
Content-Length: 336
Content-Type: application/json; charset=utf-8
host: localhost:26319
accept: */*

Response DefaultHttpResponse(decodeResult: success, version: HTTP/1.1)
HTTP/1.1 200 OK
Content-Length: 881
Content-Type: application/json; charset=utf-8
cache-control: no-cache

23:53:25.792 [AsyncHttpClient-1-6] DEBUG org.asynchttpclient.netty.channel.ChannelManager - Adding key: http://localhost:26319 for channel [id: 0x7519a460, L:/127.0.0.1:63455 - R:localhost/127.0.0.1:26319]
23:53:25.805 [AsyncHttpClient-1-7] DEBUG org.asynchttpclient.netty.channel.NettyConnectListener - Using new Channel '[id: 0xdc9c6a17, L:/127.0.0.1:63461 - R:localhost/127.0.0.1:63456]' for 'GET' to '/json/version'
23:53:25.806 [AsyncHttpClient-1-7] DEBUG org.asynchttpclient.netty.handler.HttpHandler - 

Request DefaultFullHttpRequest(decodeResult: success, version: HTTP/1.1, content: EmptyByteBufBE)
GET /json/version HTTP/1.1
User-Agent: selenium/4.13.0 (java windows)
host: localhost:63456
accept: */*

Response DefaultHttpResponse(decodeResult: success, version: HTTP/1.1)
HTTP/1.1 200 OK
Content-Security-Policy: frame-ancestors 'none'
Content-Length: 423
Content-Type: application/json; charset=UTF-8

23:53:25.806 [AsyncHttpClient-1-7] DEBUG org.asynchttpclient.netty.channel.ChannelManager - Adding key: http://localhost:63456 for channel [id: 0xdc9c6a17, L:/127.0.0.1:63461 - R:localhost/127.0.0.1:63456]
23:53:25.812 [AsyncHttpClient-1-8] DEBUG org.asynchttpclient.netty.channel.NettyConnectListener - Using new Channel '[id: 0x1db86a1f, L:/127.0.0.1:63462 - R:localhost/127.0.0.1:63456]' for 'GET' to '/devtools/browser/8f5ba4f9-fa2d-4195-ac24-c1bb106c865b'
23:53:25.814 [AsyncHttpClient-1-8] DEBUG org.asynchttpclient.netty.handler.WebSocketHandler - 

Request DefaultFullHttpRequest(decodeResult: success, version: HTTP/1.1, content: EmptyByteBufBE)
GET /devtools/browser/8f5ba4f9-fa2d-4195-ac24-c1bb106c865b HTTP/1.1
upgrade: websocket
connection: upgrade
sec-websocket-key: bqZGD4Ljurej1G5dbAc4aw==
sec-websocket-version: 13
origin: http://localhost:63456
host: localhost:63456
accept: */*
user-agent: AHC/2.1

Response DefaultHttpResponse(decodeResult: success, version: HTTP/1.1)
HTTP/1.1 101 WebSocket Protocol Handshake
Upgrade: WebSocket
Connection: Upgrade
Sec-WebSocket-Accept: B40dZSfrPMfpkNfW/4wxwlnTyDY=

23:53:25.823 [Forwarding maximizeCurrentWindow on session 9051657c9a1e1672e0745a4a746c226c to remote] DEBUG org.asynchttpclient.netty.request.NettyRequestSender - Using pooled Channel '[id: 0x7519a460, L:/127.0.0.1:63455 - R:localhost/127.0.0.1:26319]' for 'POST' to 'http://localhost:26319/session/9051657c9a1e1672e0745a4a746c226c/window/maximize'
23:53:25.823 [Forwarding maximizeCurrentWindow on session 9051657c9a1e1672e0745a4a746c226c to remote] DEBUG org.asynchttpclient.netty.request.NettyRequestSender - Using open Channel [id: 0x7519a460, L:/127.0.0.1:63455 - R:localhost/127.0.0.1:26319] for POST '/session/9051657c9a1e1672e0745a4a746c226c/window/maximize'
23:53:25.971 [AsyncHttpClient-1-6] DEBUG org.asynchttpclient.netty.handler.HttpHandler - 

Request DefaultHttpRequest(decodeResult: success, version: HTTP/1.1)
POST /session/9051657c9a1e1672e0745a4a746c226c/window/maximize HTTP/1.1
User-Agent: selenium/4.13.0 (java windows)
Content-Length: 3
Content-Type: application/json; charset=utf-8
host: localhost:26319
accept: */*

Response DefaultHttpResponse(decodeResult: success, version: HTTP/1.1)
HTTP/1.1 200 OK
Content-Length: 51
Content-Type: application/json; charset=utf-8
cache-control: no-cache

23:53:25.972 [AsyncHttpClient-1-6] DEBUG org.asynchttpclient.netty.channel.ChannelManager - Adding key: http://localhost:26319 for channel [id: 0x7519a460, L:/127.0.0.1:63455 - R:localhost/127.0.0.1:26319]
23:53:25.975 [Forwarding get on session 9051657c9a1e1672e0745a4a746c226c to remote] DEBUG org.asynchttpclient.netty.request.NettyRequestSender - Using pooled Channel '[id: 0x7519a460, L:/127.0.0.1:63455 - R:localhost/127.0.0.1:26319]' for 'POST' to 'http://localhost:26319/session/9051657c9a1e1672e0745a4a746c226c/url'
23:53:25.975 [Forwarding get on session 9051657c9a1e1672e0745a4a746c226c to remote] DEBUG org.asynchttpclient.netty.request.NettyRequestSender - Using open Channel [id: 0x7519a460, L:/127.0.0.1:63455 - R:localhost/127.0.0.1:26319] for POST '/session/9051657c9a1e1672e0745a4a746c226c/url'
23:53:26.844 [AsyncHttpClient-1-1] DEBUG org.asynchttpclient.netty.channel.DefaultChannelPool - Entry count for : http://localhost:63456 : 1
23:53:27.904 [AsyncHttpClient-1-1] DEBUG org.asynchttpclient.netty.channel.DefaultChannelPool - Entry count for : http://localhost:63456 : 1
23:53:28.982 [AsyncHttpClient-1-1] DEBUG org.asynchttpclient.netty.channel.DefaultChannelPool - Entry count for : http://localhost:63456 : 1
23:53:29.199 [AsyncHttpClient-1-6] DEBUG org.asynchttpclient.netty.handler.HttpHandler - 

Request DefaultHttpRequest(decodeResult: success, version: HTTP/1.1)
POST /session/9051657c9a1e1672e0745a4a746c226c/url HTTP/1.1
User-Agent: selenium/4.13.0 (java windows)
Content-Length: 52
Content-Type: application/json; charset=utf-8
host: localhost:26319
accept: */*

Response DefaultHttpResponse(decodeResult: success, version: HTTP/1.1)
HTTP/1.1 200 OK
Content-Length: 14
Content-Type: application/json; charset=utf-8
cache-control: no-cache

23:53:29.200 [AsyncHttpClient-1-6] DEBUG org.asynchttpclient.netty.channel.ChannelManager - Adding key: http://localhost:26319 for channel [id: 0x7519a460, L:/127.0.0.1:63455 - R:localhost/127.0.0.1:26319]
23:53:29.204 [Forwarding setTimeout on session 9051657c9a1e1672e0745a4a746c226c to remote] DEBUG org.asynchttpclient.netty.request.NettyRequestSender - Using pooled Channel '[id: 0x7519a460, L:/127.0.0.1:63455 - R:localhost/127.0.0.1:26319]' for 'POST' to 'http://localhost:26319/session/9051657c9a1e1672e0745a4a746c226c/timeouts'
23:53:29.204 [Forwarding setTimeout on session 9051657c9a1e1672e0745a4a746c226c to remote] DEBUG org.asynchttpclient.netty.request.NettyRequestSender - Using open Channel [id: 0x7519a460, L:/127.0.0.1:63455 - R:localhost/127.0.0.1:26319] for POST '/session/9051657c9a1e1672e0745a4a746c226c/timeouts'
23:53:29.236 [AsyncHttpClient-1-6] DEBUG org.asynchttpclient.netty.handler.HttpHandler - 

Request DefaultHttpRequest(decodeResult: success, version: HTTP/1.1)
POST /session/9051657c9a1e1672e0745a4a746c226c/timeouts HTTP/1.1
User-Agent: selenium/4.13.0 (java windows)
Content-Length: 23
Content-Type: application/json; charset=utf-8
host: localhost:26319
accept: */*

Response DefaultHttpResponse(decodeResult: success, version: HTTP/1.1)
HTTP/1.1 200 OK
Content-Length: 14
Content-Type: application/json; charset=utf-8
cache-control: no-cache

23:53:29.236 [AsyncHttpClient-1-6] DEBUG org.asynchttpclient.netty.channel.ChannelManager - Adding key: http://localhost:26319 for channel [id: 0x7519a460, L:/127.0.0.1:63455 - R:localhost/127.0.0.1:26319]
23:53:29.239 [Forwarding findElement on session 9051657c9a1e1672e0745a4a746c226c to remote] DEBUG org.asynchttpclient.netty.request.NettyRequestSender - Using pooled Channel '[id: 0x7519a460, L:/127.0.0.1:63455 - R:localhost/127.0.0.1:26319]' for 'POST' to 'http://localhost:26319/session/9051657c9a1e1672e0745a4a746c226c/element'
23:53:29.239 [Forwarding findElement on session 9051657c9a1e1672e0745a4a746c226c to remote] DEBUG org.asynchttpclient.netty.request.NettyRequestSender - Using open Channel [id: 0x7519a460, L:/127.0.0.1:63455 - R:localhost/127.0.0.1:26319] for POST '/session/9051657c9a1e1672e0745a4a746c226c/element'
23:53:29.641 [AsyncHttpClient-1-6] DEBUG org.asynchttpclient.netty.handler.HttpHandler - 

Request DefaultHttpRequest(decodeResult: success, version: HTTP/1.1)
POST /session/9051657c9a1e1672e0745a4a746c226c/element HTTP/1.1
User-Agent: selenium/4.13.0 (java windows)
Content-Length: 64
Content-Type: application/json; charset=utf-8
host: localhost:26319
accept: */*

Response DefaultHttpResponse(decodeResult: success, version: HTTP/1.1)
HTTP/1.1 200 OK
Content-Length: 126
Content-Type: application/json; charset=utf-8
cache-control: no-cache

23:53:29.641 [AsyncHttpClient-1-6] DEBUG org.asynchttpclient.netty.channel.ChannelManager - Adding key: http://localhost:26319 for channel [id: 0x7519a460, L:/127.0.0.1:63455 - R:localhost/127.0.0.1:26319]
23:53:29.644 [Forwarding sendKeysToElement on session 9051657c9a1e1672e0745a4a746c226c to remote] DEBUG org.asynchttpclient.netty.request.NettyRequestSender - Using pooled Channel '[id: 0x7519a460, L:/127.0.0.1:63455 - R:localhost/127.0.0.1:26319]' for 'POST' to 'http://localhost:26319/session/9051657c9a1e1672e0745a4a746c226c/element/f.67081658560896FA0863A3741A15C3F9.d.967365F6E0B751BBF2E1100D3F58B0A1.e.49/value'
23:53:29.644 [Forwarding sendKeysToElement on session 9051657c9a1e1672e0745a4a746c226c to remote] DEBUG org.asynchttpclient.netty.request.NettyRequestSender - Using open Channel [id: 0x7519a460, L:/127.0.0.1:63455 - R:localhost/127.0.0.1:26319] for POST '/session/9051657c9a1e1672e0745a4a746c226c/element/f.67081658560896FA0863A3741A15C3F9.d.967365F6E0B751BBF2E1100D3F58B0A1.e.49/value'
23:53:30.095 [AsyncHttpClient-1-1] DEBUG org.asynchttpclient.netty.channel.DefaultChannelPool - Entry count for : http://localhost:63456 : 1
23:53:31.175 [AsyncHttpClient-1-6] DEBUG org.asynchttpclient.netty.handler.HttpHandler - 

Request DefaultHttpRequest(decodeResult: success, version: HTTP/1.1)
POST /session/9051657c9a1e1672e0745a4a746c226c/element/f.67081658560896FA0863A3741A15C3F9.d.967365F6E0B751BBF2E1100D3F58B0A1.e.49/value HTTP/1.1
User-Agent: selenium/4.13.0 (java windows)
Content-Length: 159
Content-Type: application/json; charset=utf-8
host: localhost:26319
accept: */*

Response DefaultHttpResponse(decodeResult: success, version: HTTP/1.1)
HTTP/1.1 200 OK
Content-Length: 14
Content-Type: application/json; charset=utf-8
cache-control: no-cache

23:53:31.176 [AsyncHttpClient-1-6] DEBUG org.asynchttpclient.netty.channel.ChannelManager - Adding key: http://localhost:26319 for channel [id: 0x7519a460, L:/127.0.0.1:63455 - R:localhost/127.0.0.1:26319]
23:53:31.190 [Forwarding findElement on session 9051657c9a1e1672e0745a4a746c226c to remote] DEBUG org.asynchttpclient.netty.request.NettyRequestSender - Using pooled Channel '[id: 0x7519a460, L:/127.0.0.1:63455 - R:localhost/127.0.0.1:26319]' for 'POST' to 'http://localhost:26319/session/9051657c9a1e1672e0745a4a746c226c/element'
23:53:31.194 [Forwarding findElement on session 9051657c9a1e1672e0745a4a746c226c to remote] DEBUG org.asynchttpclient.netty.request.NettyRequestSender - Using open Channel [id: 0x7519a460, L:/127.0.0.1:63455 - R:localhost/127.0.0.1:26319] for POST '/session/9051657c9a1e1672e0745a4a746c226c/element'
23:53:31.205 [AsyncHttpClient-1-1] DEBUG org.asynchttpclient.netty.channel.DefaultChannelPool - Entry count for : http://localhost:63456 : 1
23:53:31.304 [AsyncHttpClient-1-6] DEBUG org.asynchttpclient.netty.handler.HttpHandler - 

Request DefaultHttpRequest(decodeResult: success, version: HTTP/1.1)
POST /session/9051657c9a1e1672e0745a4a746c226c/element HTTP/1.1
User-Agent: selenium/4.13.0 (java windows)
Content-Length: 64
Content-Type: application/json; charset=utf-8
host: localhost:26319
accept: */*

Response DefaultHttpResponse(decodeResult: success, version: HTTP/1.1)
HTTP/1.1 200 OK
Content-Length: 126
Content-Type: application/json; charset=utf-8
cache-control: no-cache

23:53:31.304 [AsyncHttpClient-1-6] DEBUG org.asynchttpclient.netty.channel.ChannelManager - Adding key: http://localhost:26319 for channel [id: 0x7519a460, L:/127.0.0.1:63455 - R:localhost/127.0.0.1:26319]
23:53:31.307 [Forwarding submitElement on session 9051657c9a1e1672e0745a4a746c226c to remote] DEBUG org.asynchttpclient.netty.request.NettyRequestSender - Using pooled Channel '[id: 0x7519a460, L:/127.0.0.1:63455 - R:localhost/127.0.0.1:26319]' for 'POST' to 'http://localhost:26319/session/9051657c9a1e1672e0745a4a746c226c/execute/sync'
23:53:31.308 [Forwarding submitElement on session 9051657c9a1e1672e0745a4a746c226c to remote] DEBUG org.asynchttpclient.netty.request.NettyRequestSender - Using open Channel [id: 0x7519a460, L:/127.0.0.1:63455 - R:localhost/127.0.0.1:26319] for POST '/session/9051657c9a1e1672e0745a4a746c226c/execute/sync'
23:53:32.287 [AsyncHttpClient-1-1] DEBUG org.asynchttpclient.netty.channel.DefaultChannelPool - Entry count for : http://localhost:63456 : 1
23:53:33.555 [AsyncHttpClient-1-1] DEBUG org.asynchttpclient.netty.channel.DefaultChannelPool - Entry count for : http://localhost:63456 : 1
23:53:34.596 [AsyncHttpClient-1-1] DEBUG org.asynchttpclient.netty.channel.DefaultChannelPool - Entry count for : http://localhost:63456 : 1
23:53:35.683 [AsyncHttpClient-1-1] DEBUG org.asynchttpclient.netty.channel.DefaultChannelPool - Entry count for : http://localhost:63456 : 1
23:53:35.690 [AsyncHttpClient-1-6] DEBUG org.asynchttpclient.netty.handler.HttpHandler - 

Request DefaultHttpRequest(decodeResult: success, version: HTTP/1.1)
POST /session/9051657c9a1e1672e0745a4a746c226c/execute/sync HTTP/1.1
User-Agent: selenium/4.13.0 (java windows)
Content-Length: 627
Content-Type: application/json; charset=utf-8
host: localhost:26319
accept: */*

Response DefaultHttpResponse(decodeResult: success, version: HTTP/1.1)
HTTP/1.1 200 OK
Content-Length: 14
Content-Type: application/json; charset=utf-8
cache-control: no-cache

23:53:35.691 [AsyncHttpClient-1-6] DEBUG org.asynchttpclient.netty.channel.ChannelManager - Adding key: http://localhost:26319 for channel [id: 0x7519a460, L:/127.0.0.1:63455 - R:localhost/127.0.0.1:26319]
]]></system-out>
    <system-err><![CDATA[Sep 23, 2024 11:53:25 PM org.openqa.selenium.devtools.CdpVersionFinder findNearestMatch
WARNING: Unable to find CDP implementation matching 129
Sep 23, 2024 11:53:25 PM org.openqa.selenium.chromium.ChromiumDriver lambda$new$5
WARNING: Unable to find version of CDP to use for 129.0.6668.58. You may need to include a dependency on a specific version of the CDP using something similar to `org.seleniumhq.selenium:selenium-devtools-v86:4.13.0` where the version ("v86") matches the version of the chromium-based browser you're using and the version number of the artifact is the same as Selenium's.
]]></system-err>
  </testcase>
  <testcase name="searchFuncationality[Sunglass](6)" classname="com.bis.testexceution.AmazonSearach" time="6.072">
    <system-out><![CDATA[23:53:35.698 [AsyncHttpClient-1-8] DEBUG org.asynchttpclient.netty.handler.WebSocketHandler - Channel Closed: [id: 0x1db86a1f, L:/127.0.0.1:63462 ! R:localhost/127.0.0.1:63456] with attribute DISCARD
23:53:35.702 [Driver Command Executor] DEBUG org.asynchttpclient.netty.request.NettyRequestSender - Using pooled Channel '[id: 0x7519a460, L:/127.0.0.1:63455 - R:localhost/127.0.0.1:26319]' for 'DELETE' to 'http://localhost:26319/session/9051657c9a1e1672e0745a4a746c226c'
23:53:35.703 [Driver Command Executor] DEBUG org.asynchttpclient.netty.request.NettyRequestSender - Using open Channel [id: 0x7519a460, L:/127.0.0.1:63455 - R:localhost/127.0.0.1:26319] for DELETE '/session/9051657c9a1e1672e0745a4a746c226c'
23:53:35.835 [AsyncHttpClient-1-7] DEBUG org.asynchttpclient.netty.handler.HttpHandler - Unexpected I/O exception on channel [id: 0xdc9c6a17, L:/127.0.0.1:63461 - R:localhost/127.0.0.1:63456]
java.net.SocketException: Connection reset
	at java.base/sun.nio.ch.SocketChannelImpl.throwConnectionReset(SocketChannelImpl.java:394)
	at java.base/sun.nio.ch.SocketChannelImpl.read(SocketChannelImpl.java:426)
	at io.netty.buffer.PooledByteBuf.setBytes(PooledByteBuf.java:254)
	at io.netty.buffer.AbstractByteBuf.writeBytes(AbstractByteBuf.java:1132)
	at io.netty.channel.socket.nio.NioSocketChannel.doReadBytes(NioSocketChannel.java:357)
	at io.netty.channel.nio.AbstractNioByteChannel$NioByteUnsafe.read(AbstractNioByteChannel.java:151)
	at io.netty.channel.nio.NioEventLoop.processSelectedKey(NioEventLoop.java:788)
	at io.netty.channel.nio.NioEventLoop.processSelectedKeysOptimized(NioEventLoop.java:724)
	at io.netty.channel.nio.NioEventLoop.processSelectedKeys(NioEventLoop.java:650)
	at io.netty.channel.nio.NioEventLoop.run(NioEventLoop.java:562)
	at io.netty.util.concurrent.SingleThreadEventExecutor$4.run(SingleThreadEventExecutor.java:997)
	at io.netty.util.internal.ThreadExecutorMap$2.run(ThreadExecutorMap.java:74)
	at io.netty.util.concurrent.FastThreadLocalRunnable.run(FastThreadLocalRunnable.java:30)
	at java.base/java.lang.Thread.run(Thread.java:842)
23:53:35.836 [AsyncHttpClient-1-7] DEBUG org.asynchttpclient.netty.channel.ChannelManager - Closing Channel [id: 0xdc9c6a17, L:/127.0.0.1:63461 - R:localhost/127.0.0.1:63456] 
23:53:35.836 [AsyncHttpClient-1-7] DEBUG org.asynchttpclient.netty.handler.HttpHandler - Channel Closed: [id: 0xdc9c6a17, L:/127.0.0.1:63461 ! R:localhost/127.0.0.1:63456] with attribute DISCARD
23:53:35.890 [AsyncHttpClient-1-6] DEBUG org.asynchttpclient.netty.handler.HttpHandler - 

Request DefaultFullHttpRequest(decodeResult: success, version: HTTP/1.1, content: EmptyByteBufBE)
DELETE /session/9051657c9a1e1672e0745a4a746c226c HTTP/1.1
User-Agent: selenium/4.13.0 (java windows)
Content-Type: application/json; charset=utf-8
host: localhost:26319
accept: */*

Response DefaultHttpResponse(decodeResult: success, version: HTTP/1.1)
HTTP/1.1 200 OK
Content-Length: 14
Content-Type: application/json; charset=utf-8
cache-control: no-cache

23:53:35.890 [AsyncHttpClient-1-6] DEBUG org.asynchttpclient.netty.channel.ChannelManager - Adding key: http://localhost:26319 for channel [id: 0x7519a460, L:/127.0.0.1:63455 - R:localhost/127.0.0.1:26319]
23:53:36.063 [AsyncHttpClient-1-6] DEBUG org.asynchttpclient.netty.handler.HttpHandler - Channel Closed: [id: 0x7519a460, L:/127.0.0.1:63455 ! R:localhost/127.0.0.1:26319] with attribute DISCARD
23:53:36.660 [AsyncHttpClient-1-9] DEBUG org.asynchttpclient.netty.channel.NettyConnectListener - Using new Channel '[id: 0x2be3f60c, L:/127.0.0.1:63560 - R:localhost/127.0.0.1:26686]' for 'POST' to '/session'
23:53:36.783 [AsyncHttpClient-1-1] DEBUG org.asynchttpclient.netty.channel.DefaultChannelPool - Entry count for : http://localhost:63456 : 1
23:53:36.783 [AsyncHttpClient-1-1] DEBUG org.asynchttpclient.netty.channel.DefaultChannelPool - Entry count for : http://localhost:26319 : 1
23:53:36.783 [AsyncHttpClient-1-1] DEBUG org.asynchttpclient.netty.channel.DefaultChannelPool - Adding Candidate expired Channel [id: 0xdc9c6a17, L:/127.0.0.1:63461 ! R:localhost/127.0.0.1:63456] isIdleTimeoutExpired=false isRemotelyClosed=true isTtlExpired=false
23:53:36.783 [AsyncHttpClient-1-1] DEBUG org.asynchttpclient.netty.channel.DefaultChannelPool - Closing Idle Channel [id: 0xdc9c6a17, L:/127.0.0.1:63461 ! R:localhost/127.0.0.1:63456]
23:53:36.783 [AsyncHttpClient-1-1] DEBUG org.asynchttpclient.netty.channel.DefaultChannelPool - Adding Candidate expired Channel [id: 0x7519a460, L:/127.0.0.1:63455 ! R:localhost/127.0.0.1:26319] isIdleTimeoutExpired=false isRemotelyClosed=true isTtlExpired=false
23:53:36.783 [AsyncHttpClient-1-1] DEBUG org.asynchttpclient.netty.channel.DefaultChannelPool - Closing Idle Channel [id: 0x7519a460, L:/127.0.0.1:63455 ! R:localhost/127.0.0.1:26319]
23:53:36.783 [AsyncHttpClient-1-1] DEBUG org.asynchttpclient.netty.channel.DefaultChannelPool - Closed 2 connections out of 2 in 0 ms
23:53:37.582 [AsyncHttpClient-1-9] DEBUG org.asynchttpclient.netty.handler.HttpHandler - 

Request DefaultHttpRequest(decodeResult: success, version: HTTP/1.1)
POST /session HTTP/1.1
User-Agent: selenium/4.13.0 (java windows)
Content-Length: 336
Content-Type: application/json; charset=utf-8
host: localhost:26686
accept: */*

Response DefaultHttpResponse(decodeResult: success, version: HTTP/1.1)
HTTP/1.1 200 OK
Content-Length: 880
Content-Type: application/json; charset=utf-8
cache-control: no-cache

23:53:37.583 [AsyncHttpClient-1-9] DEBUG org.asynchttpclient.netty.channel.ChannelManager - Adding key: http://localhost:26686 for channel [id: 0x2be3f60c, L:/127.0.0.1:63560 - R:localhost/127.0.0.1:26686]
23:53:37.591 [AsyncHttpClient-1-2] DEBUG org.asynchttpclient.netty.channel.NettyConnectListener - Using new Channel '[id: 0xb68dc15e, L:/127.0.0.1:63567 - R:localhost/127.0.0.1:63561]' for 'GET' to '/json/version'
23:53:37.593 [AsyncHttpClient-1-2] DEBUG org.asynchttpclient.netty.handler.HttpHandler - 

Request DefaultFullHttpRequest(decodeResult: success, version: HTTP/1.1, content: EmptyByteBufBE)
GET /json/version HTTP/1.1
User-Agent: selenium/4.13.0 (java windows)
host: localhost:63561
accept: */*

Response DefaultHttpResponse(decodeResult: success, version: HTTP/1.1)
HTTP/1.1 200 OK
Content-Security-Policy: frame-ancestors 'none'
Content-Length: 423
Content-Type: application/json; charset=UTF-8

23:53:37.593 [AsyncHttpClient-1-2] DEBUG org.asynchttpclient.netty.channel.ChannelManager - Adding key: http://localhost:63561 for channel [id: 0xb68dc15e, L:/127.0.0.1:63567 - R:localhost/127.0.0.1:63561]
23:53:37.597 [AsyncHttpClient-1-3] DEBUG org.asynchttpclient.netty.channel.NettyConnectListener - Using new Channel '[id: 0x46332266, L:/127.0.0.1:63568 - R:localhost/127.0.0.1:63561]' for 'GET' to '/devtools/browser/90410dc4-6a8b-40e3-b1fe-bf4eb0eca268'
23:53:37.601 [AsyncHttpClient-1-3] DEBUG org.asynchttpclient.netty.handler.WebSocketHandler - 

Request DefaultFullHttpRequest(decodeResult: success, version: HTTP/1.1, content: EmptyByteBufBE)
GET /devtools/browser/90410dc4-6a8b-40e3-b1fe-bf4eb0eca268 HTTP/1.1
upgrade: websocket
connection: upgrade
sec-websocket-key: 1YNN3AJn33XAo51Jzy8O1w==
sec-websocket-version: 13
origin: http://localhost:63561
host: localhost:63561
accept: */*
user-agent: AHC/2.1

Response DefaultHttpResponse(decodeResult: success, version: HTTP/1.1)
HTTP/1.1 101 WebSocket Protocol Handshake
Upgrade: WebSocket
Connection: Upgrade
Sec-WebSocket-Accept: UmuEzO0aScpvfxlCWTYYE5hXau8=

23:53:37.608 [Forwarding maximizeCurrentWindow on session fc3d7570b7eb18cb78682985489f4edb to remote] DEBUG org.asynchttpclient.netty.request.NettyRequestSender - Using pooled Channel '[id: 0x2be3f60c, L:/127.0.0.1:63560 - R:localhost/127.0.0.1:26686]' for 'POST' to 'http://localhost:26686/session/fc3d7570b7eb18cb78682985489f4edb/window/maximize'
23:53:37.608 [Forwarding maximizeCurrentWindow on session fc3d7570b7eb18cb78682985489f4edb to remote] DEBUG org.asynchttpclient.netty.request.NettyRequestSender - Using open Channel [id: 0x2be3f60c, L:/127.0.0.1:63560 - R:localhost/127.0.0.1:26686] for POST '/session/fc3d7570b7eb18cb78682985489f4edb/window/maximize'
23:53:37.653 [AsyncHttpClient-1-9] DEBUG org.asynchttpclient.netty.handler.HttpHandler - 

Request DefaultHttpRequest(decodeResult: success, version: HTTP/1.1)
POST /session/fc3d7570b7eb18cb78682985489f4edb/window/maximize HTTP/1.1
User-Agent: selenium/4.13.0 (java windows)
Content-Length: 3
Content-Type: application/json; charset=utf-8
host: localhost:26686
accept: */*

Response DefaultHttpResponse(decodeResult: success, version: HTTP/1.1)
HTTP/1.1 200 OK
Content-Length: 51
Content-Type: application/json; charset=utf-8
cache-control: no-cache

23:53:37.654 [AsyncHttpClient-1-9] DEBUG org.asynchttpclient.netty.channel.ChannelManager - Adding key: http://localhost:26686 for channel [id: 0x2be3f60c, L:/127.0.0.1:63560 - R:localhost/127.0.0.1:26686]
23:53:37.666 [Forwarding get on session fc3d7570b7eb18cb78682985489f4edb to remote] DEBUG org.asynchttpclient.netty.request.NettyRequestSender - Using pooled Channel '[id: 0x2be3f60c, L:/127.0.0.1:63560 - R:localhost/127.0.0.1:26686]' for 'POST' to 'http://localhost:26686/session/fc3d7570b7eb18cb78682985489f4edb/url'
23:53:37.666 [Forwarding get on session fc3d7570b7eb18cb78682985489f4edb to remote] DEBUG org.asynchttpclient.netty.request.NettyRequestSender - Using open Channel [id: 0x2be3f60c, L:/127.0.0.1:63560 - R:localhost/127.0.0.1:26686] for POST '/session/fc3d7570b7eb18cb78682985489f4edb/url'
23:53:37.881 [AsyncHttpClient-1-1] DEBUG org.asynchttpclient.netty.channel.DefaultChannelPool - Entry count for : http://localhost:63561 : 1
23:53:38.982 [AsyncHttpClient-1-1] DEBUG org.asynchttpclient.netty.channel.DefaultChannelPool - Entry count for : http://localhost:63561 : 1
23:53:40.082 [AsyncHttpClient-1-1] DEBUG org.asynchttpclient.netty.channel.DefaultChannelPool - Entry count for : http://localhost:63561 : 1
23:53:40.390 [AsyncHttpClient-1-9] DEBUG org.asynchttpclient.netty.handler.HttpHandler - 

Request DefaultHttpRequest(decodeResult: success, version: HTTP/1.1)
POST /session/fc3d7570b7eb18cb78682985489f4edb/url HTTP/1.1
User-Agent: selenium/4.13.0 (java windows)
Content-Length: 52
Content-Type: application/json; charset=utf-8
host: localhost:26686
accept: */*

Response DefaultHttpResponse(decodeResult: success, version: HTTP/1.1)
HTTP/1.1 200 OK
Content-Length: 14
Content-Type: application/json; charset=utf-8
cache-control: no-cache

23:53:40.391 [AsyncHttpClient-1-9] DEBUG org.asynchttpclient.netty.channel.ChannelManager - Adding key: http://localhost:26686 for channel [id: 0x2be3f60c, L:/127.0.0.1:63560 - R:localhost/127.0.0.1:26686]
23:53:40.394 [Forwarding setTimeout on session fc3d7570b7eb18cb78682985489f4edb to remote] DEBUG org.asynchttpclient.netty.request.NettyRequestSender - Using pooled Channel '[id: 0x2be3f60c, L:/127.0.0.1:63560 - R:localhost/127.0.0.1:26686]' for 'POST' to 'http://localhost:26686/session/fc3d7570b7eb18cb78682985489f4edb/timeouts'
23:53:40.394 [Forwarding setTimeout on session fc3d7570b7eb18cb78682985489f4edb to remote] DEBUG org.asynchttpclient.netty.request.NettyRequestSender - Using open Channel [id: 0x2be3f60c, L:/127.0.0.1:63560 - R:localhost/127.0.0.1:26686] for POST '/session/fc3d7570b7eb18cb78682985489f4edb/timeouts'
23:53:40.406 [AsyncHttpClient-1-9] DEBUG org.asynchttpclient.netty.handler.HttpHandler - 

Request DefaultHttpRequest(decodeResult: success, version: HTTP/1.1)
POST /session/fc3d7570b7eb18cb78682985489f4edb/timeouts HTTP/1.1
User-Agent: selenium/4.13.0 (java windows)
Content-Length: 23
Content-Type: application/json; charset=utf-8
host: localhost:26686
accept: */*

Response DefaultHttpResponse(decodeResult: success, version: HTTP/1.1)
HTTP/1.1 200 OK
Content-Length: 14
Content-Type: application/json; charset=utf-8
cache-control: no-cache

23:53:40.407 [AsyncHttpClient-1-9] DEBUG org.asynchttpclient.netty.channel.ChannelManager - Adding key: http://localhost:26686 for channel [id: 0x2be3f60c, L:/127.0.0.1:63560 - R:localhost/127.0.0.1:26686]
23:53:40.412 [Forwarding findElement on session fc3d7570b7eb18cb78682985489f4edb to remote] DEBUG org.asynchttpclient.netty.request.NettyRequestSender - Using pooled Channel '[id: 0x2be3f60c, L:/127.0.0.1:63560 - R:localhost/127.0.0.1:26686]' for 'POST' to 'http://localhost:26686/session/fc3d7570b7eb18cb78682985489f4edb/element'
23:53:40.413 [Forwarding findElement on session fc3d7570b7eb18cb78682985489f4edb to remote] DEBUG org.asynchttpclient.netty.request.NettyRequestSender - Using open Channel [id: 0x2be3f60c, L:/127.0.0.1:63560 - R:localhost/127.0.0.1:26686] for POST '/session/fc3d7570b7eb18cb78682985489f4edb/element'
23:53:41.123 [AsyncHttpClient-1-9] DEBUG org.asynchttpclient.netty.handler.HttpHandler - 

Request DefaultHttpRequest(decodeResult: success, version: HTTP/1.1)
POST /session/fc3d7570b7eb18cb78682985489f4edb/element HTTP/1.1
User-Agent: selenium/4.13.0 (java windows)
Content-Length: 64
Content-Type: application/json; charset=utf-8
host: localhost:26686
accept: */*

Response DefaultHttpResponse(decodeResult: success, version: HTTP/1.1)
HTTP/1.1 200 OK
Content-Length: 126
Content-Type: application/json; charset=utf-8
cache-control: no-cache

23:53:41.123 [AsyncHttpClient-1-9] DEBUG org.asynchttpclient.netty.channel.ChannelManager - Adding key: http://localhost:26686 for channel [id: 0x2be3f60c, L:/127.0.0.1:63560 - R:localhost/127.0.0.1:26686]
23:53:41.126 [Forwarding sendKeysToElement on session fc3d7570b7eb18cb78682985489f4edb to remote] DEBUG org.asynchttpclient.netty.request.NettyRequestSender - Using pooled Channel '[id: 0x2be3f60c, L:/127.0.0.1:63560 - R:localhost/127.0.0.1:26686]' for 'POST' to 'http://localhost:26686/session/fc3d7570b7eb18cb78682985489f4edb/element/f.19D99EF5D0EBBDDF1B9D9DA9E1B3C391.d.6C4C731F3BDC015C53C090001745ECBD.e.62/value'
23:53:41.126 [Forwarding sendKeysToElement on session fc3d7570b7eb18cb78682985489f4edb to remote] DEBUG org.asynchttpclient.netty.request.NettyRequestSender - Using open Channel [id: 0x2be3f60c, L:/127.0.0.1:63560 - R:localhost/127.0.0.1:26686] for POST '/session/fc3d7570b7eb18cb78682985489f4edb/element/f.19D99EF5D0EBBDDF1B9D9DA9E1B3C391.d.6C4C731F3BDC015C53C090001745ECBD.e.62/value'
23:53:41.180 [AsyncHttpClient-1-1] DEBUG org.asynchttpclient.netty.channel.DefaultChannelPool - Entry count for : http://localhost:63561 : 1
23:53:42.117 [AsyncHttpClient-1-9] DEBUG org.asynchttpclient.netty.handler.HttpHandler - 

Request DefaultHttpRequest(decodeResult: success, version: HTTP/1.1)
POST /session/fc3d7570b7eb18cb78682985489f4edb/element/f.19D99EF5D0EBBDDF1B9D9DA9E1B3C391.d.6C4C731F3BDC015C53C090001745ECBD.e.62/value HTTP/1.1
User-Agent: selenium/4.13.0 (java windows)
Content-Length: 199
Content-Type: application/json; charset=utf-8
host: localhost:26686
accept: */*

Response DefaultHttpResponse(decodeResult: success, version: HTTP/1.1)
HTTP/1.1 200 OK
Content-Length: 14
Content-Type: application/json; charset=utf-8
cache-control: no-cache

23:53:42.118 [AsyncHttpClient-1-9] DEBUG org.asynchttpclient.netty.channel.ChannelManager - Adding key: http://localhost:26686 for channel [id: 0x2be3f60c, L:/127.0.0.1:63560 - R:localhost/127.0.0.1:26686]
23:53:42.122 [Forwarding findElement on session fc3d7570b7eb18cb78682985489f4edb to remote] DEBUG org.asynchttpclient.netty.request.NettyRequestSender - Using pooled Channel '[id: 0x2be3f60c, L:/127.0.0.1:63560 - R:localhost/127.0.0.1:26686]' for 'POST' to 'http://localhost:26686/session/fc3d7570b7eb18cb78682985489f4edb/element'
23:53:42.122 [Forwarding findElement on session fc3d7570b7eb18cb78682985489f4edb to remote] DEBUG org.asynchttpclient.netty.request.NettyRequestSender - Using open Channel [id: 0x2be3f60c, L:/127.0.0.1:63560 - R:localhost/127.0.0.1:26686] for POST '/session/fc3d7570b7eb18cb78682985489f4edb/element'
23:53:42.193 [AsyncHttpClient-1-9] DEBUG org.asynchttpclient.netty.handler.HttpHandler - 

Request DefaultHttpRequest(decodeResult: success, version: HTTP/1.1)
POST /session/fc3d7570b7eb18cb78682985489f4edb/element HTTP/1.1
User-Agent: selenium/4.13.0 (java windows)
Content-Length: 64
Content-Type: application/json; charset=utf-8
host: localhost:26686
accept: */*

Response DefaultHttpResponse(decodeResult: success, version: HTTP/1.1)
HTTP/1.1 200 OK
Content-Length: 126
Content-Type: application/json; charset=utf-8
cache-control: no-cache

23:53:42.193 [AsyncHttpClient-1-9] DEBUG org.asynchttpclient.netty.channel.ChannelManager - Adding key: http://localhost:26686 for channel [id: 0x2be3f60c, L:/127.0.0.1:63560 - R:localhost/127.0.0.1:26686]
23:53:42.196 [Forwarding submitElement on session fc3d7570b7eb18cb78682985489f4edb to remote] DEBUG org.asynchttpclient.netty.request.NettyRequestSender - Using pooled Channel '[id: 0x2be3f60c, L:/127.0.0.1:63560 - R:localhost/127.0.0.1:26686]' for 'POST' to 'http://localhost:26686/session/fc3d7570b7eb18cb78682985489f4edb/execute/sync'
23:53:42.196 [Forwarding submitElement on session fc3d7570b7eb18cb78682985489f4edb to remote] DEBUG org.asynchttpclient.netty.request.NettyRequestSender - Using open Channel [id: 0x2be3f60c, L:/127.0.0.1:63560 - R:localhost/127.0.0.1:26686] for POST '/session/fc3d7570b7eb18cb78682985489f4edb/execute/sync'
23:53:42.288 [AsyncHttpClient-1-1] DEBUG org.asynchttpclient.netty.channel.DefaultChannelPool - Entry count for : http://localhost:63561 : 1
23:53:43.388 [AsyncHttpClient-1-1] DEBUG org.asynchttpclient.netty.channel.DefaultChannelPool - Entry count for : http://localhost:63561 : 1
23:53:44.572 [AsyncHttpClient-1-1] DEBUG org.asynchttpclient.netty.channel.DefaultChannelPool - Entry count for : http://localhost:63561 : 1
23:53:45.598 [AsyncHttpClient-1-1] DEBUG org.asynchttpclient.netty.channel.DefaultChannelPool - Entry count for : http://localhost:63561 : 1
23:53:46.485 [AsyncHttpClient-1-9] DEBUG org.asynchttpclient.netty.handler.HttpHandler - 

Request DefaultHttpRequest(decodeResult: success, version: HTTP/1.1)
POST /session/fc3d7570b7eb18cb78682985489f4edb/execute/sync HTTP/1.1
User-Agent: selenium/4.13.0 (java windows)
Content-Length: 627
Content-Type: application/json; charset=utf-8
host: localhost:26686
accept: */*

Response DefaultHttpResponse(decodeResult: success, version: HTTP/1.1)
HTTP/1.1 200 OK
Content-Length: 14
Content-Type: application/json; charset=utf-8
cache-control: no-cache

23:53:46.485 [AsyncHttpClient-1-9] DEBUG org.asynchttpclient.netty.channel.ChannelManager - Adding key: http://localhost:26686 for channel [id: 0x2be3f60c, L:/127.0.0.1:63560 - R:localhost/127.0.0.1:26686]
]]></system-out>
    <system-err><![CDATA[Sep 23, 2024 11:53:37 PM org.openqa.selenium.devtools.CdpVersionFinder findNearestMatch
WARNING: Unable to find CDP implementation matching 129
Sep 23, 2024 11:53:37 PM org.openqa.selenium.chromium.ChromiumDriver lambda$new$5
WARNING: Unable to find version of CDP to use for 129.0.6668.58. You may need to include a dependency on a specific version of the CDP using something similar to `org.seleniumhq.selenium:selenium-devtools-v86:4.13.0` where the version ("v86") matches the version of the chromium-based browser you're using and the version number of the artifact is the same as Selenium's.
]]></system-err>
  </testcase>
</testsuite>