<?xml version="1.0" encoding="UTF-8"?>
<!-- Generated by org.testng.reporters.JUnitReportReporter -->
<testsuite hostname="GOD" failures="0" tests="6" name="com.bis.testloginexceution.AmazonSearach" time="120.649" errors="0" timestamp="2024-08-27T00:01:39 IST" skipped="0">
  <testcase classname="com.bis.testloginexceution.AmazonSearach" name="searchFuncationality" time="21.677"/>
  <testcase classname="com.bis.testloginexceution.AmazonSearach" name="searchFuncationality" time="17.429"/>
  <testcase classname="com.bis.testloginexceution.AmazonSearach" name="searchFuncationality" time="32.130"/>
  <testcase classname="com.bis.testloginexceution.AmazonSearach" name="searchFuncationality" time="20.840"/>
  <testcase classname="com.bis.testloginexceution.AmazonSearach" name="searchFuncationality" time="17.752"/>
  <testcase classname="com.bis.testloginexceution.AmazonSearach" name="searchFuncationality" time="10.821"/>
</testsuite> <!-- com.bis.testloginexceution.AmazonSearach -->
