<?xml version="1.0" encoding="UTF-8"?>
<!-- Generated by org.testng.reporters.JUnitReportReporter -->
<testsuite hostname="GOD" failures="0" tests="6" name="com.bis.testexceution.AmazonSearach" time="70.118" errors="0" timestamp="2024-08-28T23:30:29 IST" skipped="0">
  <testcase classname="com.bis.testexceution.AmazonSearach" name="searchFuncationality" time="15.306"/>
  <testcase classname="com.bis.testexceution.AmazonSearach" name="searchFuncationality" time="11.303"/>
  <testcase classname="com.bis.testexceution.AmazonSearach" name="searchFuncationality" time="10.143"/>
  <testcase classname="com.bis.testexceution.AmazonSearach" name="searchFuncationality" time="9.415"/>
  <testcase classname="com.bis.testexceution.AmazonSearach" name="searchFuncationality" time="10.929"/>
  <testcase classname="com.bis.testexceution.AmazonSearach" name="searchFuncationality" time="13.022"/>
</testsuite> <!-- com.bis.testexceution.AmazonSearach -->
