<?xml version="1.0" encoding="UTF-8"?>
<!-- Generated by org.testng.reporters.JUnitReportReporter -->
<testsuite hostname="GOD" failures="0" tests="1" name="com.bis.testloginexceution.TestLoginExceution" time="46.182" errors="0" timestamp="2024-08-25T20:53:21 IST" skipped="0">
  <testcase classname="com.bis.testloginexceution.TestLoginExceution" name="messageFunctionality" time="46.182"/>
</testsuite> <!-- com.bis.testloginexceution.TestLoginExceution -->
