<?xml version="1.0" encoding="UTF-8"?>
<!-- Generated by org.testng.reporters.JUnitReportReporter -->
<testsuite hostname="GOD" failures="0" tests="6" name="com.bis.testexceution.AmazonSearach" time="66.860" errors="0" timestamp="2024-09-23T23:53:47 IST" skipped="0">
  <testcase classname="com.bis.testexceution.AmazonSearach" name="searchFuncationality" time="12.382"/>
  <testcase classname="com.bis.testexceution.AmazonSearach" name="searchFuncationality" time="10.381"/>
  <testcase classname="com.bis.testexceution.AmazonSearach" name="searchFuncationality" time="13.322"/>
  <testcase classname="com.bis.testexceution.AmazonSearach" name="searchFuncationality" time="9.470"/>
  <testcase classname="com.bis.testexceution.AmazonSearach" name="searchFuncationality" time="12.326"/>
  <testcase classname="com.bis.testexceution.AmazonSearach" name="searchFuncationality" time="8.979"/>
</testsuite> <!-- com.bis.testexceution.AmazonSearach -->
