<?xml version="1.0" encoding="UTF-8"?>
<!-- Generated by org.testng.reporters.JUnitReportReporter -->
<testsuite hostname="GOD" failures="0" tests="6" name="com.bis.testexceution.AmazonSearach" time="72.710" errors="0" timestamp="2024-09-21T02:08:31 IST" skipped="0">
  <testcase classname="com.bis.testexceution.AmazonSearach" name="searchFuncationality" time="12.093"/>
  <testcase classname="com.bis.testexceution.AmazonSearach" name="searchFuncationality" time="11.165"/>
  <testcase classname="com.bis.testexceution.AmazonSearach" name="searchFuncationality" time="10.431"/>
  <testcase classname="com.bis.testexceution.AmazonSearach" name="searchFuncationality" time="15.132"/>
  <testcase classname="com.bis.testexceution.AmazonSearach" name="searchFuncationality" time="11.770"/>
  <testcase classname="com.bis.testexceution.AmazonSearach" name="searchFuncationality" time="12.119"/>
</testsuite> <!-- com.bis.testexceution.AmazonSearach -->
